State Machine - |top|cur_state report for top
Mon Sep 10 15:50:26 2012
Quartus II 32-bit Version 12.0 Build 178 05/31/2012 SJ Web Edition


---------------------
; Table of Contents ;
---------------------
  1. Legal Notice
  2. State Machine - |top|cur_state



----------------
; Legal Notice ;
----------------
Copyright (C) 1991-2012 Altera Corporation
Your use of Altera Corporation's design tools, logic functions 
and other software and tools, and its AMPP partner logic 
functions, and any output files from any of the foregoing 
(including device programming or simulation files), and any 
associated documentation or information are expressly subject 
to the terms and conditions of the Altera Program License 
Subscription Agreement, Altera MegaCore Function License 
Agreement, or other applicable license agreement, including, 
without limitation, that your use is for the sole purpose of 
programming logic devices manufactured by Altera and sold by 
Altera or its authorized distributors.  Please refer to the 
applicable agreement for further details.



Encoding Type:  User-Encoded
+---------------------------------------------------------------------+
; State Machine - |top|cur_state                                      ;
+-------------+-------------+-------------+-------------+-------------+
; Name        ; cur_state~5 ; cur_state~4 ; cur_state~3 ; cur_state~2 ;
+-------------+-------------+-------------+-------------+-------------+
; cur_state.A ; 0           ; 0           ; 0           ; 0           ;
; cur_state.B ; 0           ; 0           ; 0           ; 1           ;
; cur_state.C ; 0           ; 0           ; 1           ; 0           ;
; cur_state.D ; 0           ; 0           ; 1           ; 1           ;
; cur_state.E ; 0           ; 1           ; 0           ; 0           ;
; cur_state.F ; 0           ; 1           ; 0           ; 1           ;
; cur_state.G ; 0           ; 1           ; 1           ; 0           ;
; cur_state.H ; 0           ; 1           ; 1           ; 1           ;
; cur_state.I ; 1           ; 0           ; 0           ; 0           ;
+-------------+-------------+-------------+-------------+-------------+


