-78+0+0=-78 
-54+-78+0=124 
-4+-54+-78=120 
7+-4+-54=-51 
-63+7+-4=-60 
74+-63+7=18 
106+74+-63=117 
119+106+74=43 
-18+119+106=-49 
-4+-18+119=97 
67+-4+-18=45 
37+67+-4=100 
36+37+67=-116 
95+36+37=-88 
78+95+36=-47 
-49+78+95=124 
41+-49+78=70 
-16+41+-49=-24 
-68+-16+41=-43 
-126+-68+-16=46 
76+-126+-68=-118 
-84+76+-126=122 
-18+-84+76=-26 
28+-18+-84=-74 
110+28+-18=120 
100+110+28=-18 
89+100+110=43 
-84+89+100=105 
-10+-84+89=-5 
-12+-10+-84=-106 
119+-12+-10=97 
-115+119+-12=-8 
-64+-115+119=-60 
-27+-64+-115=50 
25+-27+-64=-66 
-64+25+-27=-66 
-103+-64+25=114 
-61+-103+-64=28 
89+-61+-103=-75 
-102+89+-61=-74 
21+-102+89=8 
40+21+-102=-41 
120+40+21=-75 
-57+120+40=103 
69+-57+120=-124 
14+69+-57=26 
15+14+69=98 
-117+15+14=-88 
74+-117+15=-28 
-55+74+-117=-98 
50+-55+74=69 
95+50+-55=90 
2+95+50=-109 
-72+2+95=25 
-22+-72+2=-92 
91+-22+-72=-3 
70+91+-22=-117 
-22+70+91=-117 
59+-22+70=107 
-62+59+-22=-25 
9+-62+59=6 
80+9+-62=27 
91+80+9=-76 
-94+91+80=77 
61+-94+91=58 
-65+61+-94=-98 
-104+-65+61=-108 
-83+-104+-65=4 
99+-83+-104=-88 
-49+99+-83=-33 
-54+-49+99=-4 
-2+-54+-49=-105 
-103+-2+-54=97 
99+-103+-2=-6 
64+99+-103=60 
57+64+99=-36 
42+57+64=-93 
-103+42+57=-4 
106+-103+42=45 
26+106+-103=29 
109+26+106=-15 
94+109+26=-27 
82+94+109=29 
-96+82+94=80 
62+-96+82=48 
-37+62+-96=-71 
-65+-37+62=-40 
73+-65+-37=-29 
81+73+-65=89 
-110+81+73=44 
-19+-110+81=-48 
42+-19+-110=-87 
-85+42+-19=-62 
-107+-85+42=106 
-13+-107+-85=51 
-56+-13+-107=80 
-70+-56+-13=117 
-23+-70+-56=107 
-114+-23+-70=49 
-51+-114+-23=68 
59+-51+-114=-106 
-42+59+-51=-34 
-89+-42+59=-72 
-32+-89+-42=93 
38+-32+-89=-83 
-35+38+-32=-29 
-110+-35+38=-107 
-40+-110+-35=71 
-113+-40+-110=-7 
-8+-113+-40=95 
-78+-8+-113=57 
115+-78+-8=29 
-75+115+-78=-38 
-124+-75+115=-84 
-67+-124+-75=-10 
77+-67+-124=-114 
-115+77+-67=-105 
22+-115+77=-16 
123+22+-115=30 
119+123+22=8 
-88+119+123=-102 
-15+-88+119=16 
-110+-15+-88=43 
-119+-110+-15=12 
126+-119+-110=-103 
106+126+-119=113 
10+106+126=-14 
-65+10+106=51 
118+-65+10=63 
125+118+-65=-78 
-69+125+118=-82 
19+-69+125=75 
19+19+-69=-31 
115+19+19=-103 
-52+115+19=82 
-120+-52+115=-57 
-41+-120+-52=43 
86+-41+-120=-75 
1+86+-41=46 
58+1+86=-111 
41+58+1=100 
106+41+58=-51 
76+106+41=-33 
28+76+106=-46 
16+28+76=120 
117+16+28=-95 
-92+117+16=41 
72+-92+117=97 
16+72+-92=-4 
-99+16+72=-11 
124+-99+16=41 
1+124+-99=26 
-121+1+124=4 
45+-121+1=-75 
2+45+-121=-74 
72+2+45=119 
92+72+2=-90 
76+92+72=-16 
-72+76+92=96 
43+-72+76=47 
87+43+-72=58 
83+87+43=-43 
-41+83+87=-127 
-75+-41+83=-33 
-9+-75+-41=-125 
-51+-9+-75=121 
86+-51+-9=26 
67+86+-51=102 
-19+67+86=-122 
-111+-19+67=-63 
46+-111+-19=-84 
113+46+-111=48 
-119+113+46=40 
22+-119+113=16 
-56+22+-119=103 
106+-56+22=72 
106+106+-56=-100 
-79+106+106=-123 
-27+-79+106=0 
-100+-27+-79=50 
70+-100+-27=-57 
65+70+-100=35 
-76+65+70=59 
30+-76+65=19 
59+30+-76=13 
-29+59+30=60 
-73+-29+59=-43 
-92+-73+-29=62 
-67+-92+-73=24 
124+-67+-92=-35 
-119+124+-67=-62 
-81+-119+124=-76 
77+-81+-119=-123 
-71+77+-81=-75 
-35+-71+77=-29 
-62+-35+-71=88 
-58+-62+-35=101 
-11+-58+-62=125 
-35+-11+-58=-104 
-21+-35+-11=-67 
106+-21+-35=50 
-63+106+-21=22 
64+-63+106=107 
-37+64+-63=-36 
-101+-37+64=-74 
-73+-101+-37=45 
99+-73+-101=-75 
60+99+-73=86 
-42+60+99=117 
-50+-42+60=-32 
123+-50+-42=31 
-116+123+-50=-43 
-10+-116+123=-3 
-66+-10+-116=64 
-114+-66+-10=66 
109+-114+-66=-71 
-110+109+-114=-115 
40+-110+109=39 
-124+40+-110=62 
69+-124+40=-15 
-118+69+-124=83 
40+-118+69=-9 
33+40+-118=-45 
35+33+40=108 
28+35+33=96 
106+28+35=-87 
-103+106+28=31 
-71+-103+106=-68 
-40+-71+-103=42 
79+-40+-71=-32 
80+79+-40=119 
-53+80+79=106 
91+-53+80=118 
56+91+-53=94 
-43+56+91=104 
39+-43+56=52 
-119+39+-43=-123 
-93+-119+39=83 
-50+-93+-119=-6 
-114+-50+-93=-1 
-62+-114+-50=30 
-1+-62+-114=79 
80+-1+-62=17 
-26+80+-1=53 
-77+-26+80=-23 
6+-77+-26=-97 
115+6+-77=44 
13+115+6=-122 
80+13+115=-48 
9+80+13=102 
-125+9+80=-36 
-110+-125+9=30 
107+-110+-125=-128 
-28+107+-110=-31 
91+-28+107=-86 
124+91+-28=-69 
22+124+91=-19 
80+22+124=-30 
-69+80+22=33 
69+-69+80=80 
-117+69+-69=-117 
-78+-117+69=-126 
52+-78+-117=113 
118+52+-78=92 
-60+118+52=110 
-27+-60+118=31 
125+-27+-60=38 
101+125+-27=-57 
-37+101+125=-67 
19+-37+101=83 
-97+19+-37=-115 
-41+-97+19=-119 
2+-41+-97=120 
-110+2+-41=107 
59+-110+2=-49 
-92+59+-110=113 
1+-92+59=-32 
-30+1+-92=-121 
17+-30+1=-12 
-36+17+-30=-49 
-46+-36+17=-65 
84+-46+-36=2 
56+84+-46=94 
70+56+84=-46 
1+70+56=127 
-63+1+70=8 
62+-63+1=0 
-109+62+-63=-110 
-28+-109+62=-75 
-80+-28+-109=39 
-70+-80+-28=78 
-103+-70+-80=3 
72+-103+-70=-101 
-128+72+-103=97 
-22+-128+72=-78 
-7+-22+-128=99 
-107+-7+-22=120 
-11+-107+-7=-125 
127+-11+-107=9 
-63+127+-11=53 
-106+-63+127=-42 
25+-106+-63=112 
-37+25+-106=-118 
-88+-37+25=-100 
-7+-88+-37=124 
121+-7+-88=26 
-124+121+-7=-10 
-126+-124+121=127 
-11+-126+-124=-5 
76+-11+-126=-61 
-124+76+-11=-59 
-18+-124+76=-66 
-36+-18+-124=78 
-29+-36+-18=-83 
-56+-29+-36=-121 
39+-56+-29=-46 
120+39+-56=103 
-102+120+39=57 
-103+-102+120=-85 
-61+-103+-102=-10 
65+-61+-103=-99 
104+65+-61=108 
-13+104+65=-100 
-69+-13+104=22 
44+-69+-13=-38 
81+44+-69=56 
-53+81+44=72 
127+-53+81=-101 
-48+127+-53=26 
-2+-48+127=77 
-1+-2+-48=-51 
-68+-1+-2=-71 
27+-68+-1=-42 
-116+27+-68=99 
-107+-116+27=60 
-5+-107+-116=28 
-65+-5+-107=79 
-37+-65+-5=-107 
-28+-37+-65=126 
59+-28+-37=-6 
-34+59+-28=-3 
-1+-34+59=24 
-68+-1+-34=-103 
-56+-68+-1=-125 
-104+-56+-68=28 
-7+-104+-56=89 
-27+-7+-104=118 
104+-27+-7=70 
3+104+-27=80 
-90+3+104=17 
57+-90+3=-30 
75+57+-90=42 
119+75+57=-5 
-57+119+75=-119 
-58+-57+119=4 
29+-58+-57=-86 
-19+29+-58=-48 
37+-19+29=47 
71+37+-19=89 
-80+71+37=28 
-91+-80+71=-100 
-2+-91+-80=83 
1+-2+-91=-92 
41+1+-2=40 
-52+41+1=-10 
-17+-52+41=-28 
47+-17+-52=-22 
-1+47+-17=29 
57+-1+47=103 
-97+57+-1=-41 
82+-97+57=42 
68+82+-97=53 
2+68+82=-104 
-61+2+68=9 
86+-61+2=27 
-92+86+-61=-67 
-34+-92+86=-40 
-114+-34+-92=16 
-102+-114+-34=6 
70+-102+-114=110 
-38+70+-102=-70 
-41+-38+70=-9 
-64+-41+-38=113 
62+-64+-41=-43 
-118+62+-64=-120 
-96+-118+62=104 
83+-96+-118=125 
47+83+-96=34 
-95+47+83=35 
-126+-95+47=82 
79+-126+-95=114 
-75+79+-126=-122 
-31+-75+79=-27 
88+-31+-75=-18 
113+88+-31=-86 
47+113+88=-8 
-11+47+113=-107 
-65+-11+47=-29 
-94+-65+-11=86 
-79+-94+-65=18 
-62+-79+-94=21 
18+-62+-79=-123 
18+18+-62=-26 
-1+18+18=35 
-115+-1+18=-98 
123+-115+-1=7 
99+123+-115=107 
82+99+123=48 
-52+82+99=-127 
68+-52+82=98 
-1+68+-52=15 
97+-1+68=-92 
34+97+-1=-126 
-87+34+97=44 
54+-87+34=1 
26+54+-87=-7 
-7+26+54=73 
-40+-7+26=-21 
4+-40+-7=-43 
60+4+-40=24 
-47+60+4=17 
51+-47+60=64 
78+51+-47=82 
-67+78+51=62 
5+-67+78=16 
62+5+-67=0 
71+62+5=-118 
-72+71+62=61 
-70+-72+71=-71 
14+-70+-72=-128 
118+14+-70=62 
33+118+14=-91 
-118+33+118=33 
-75+-118+33=96 
16+-75+-118=79 
-120+16+-75=77 
124+-120+16=20 
-108+124+-120=-104 
-21+-108+124=-5 
86+-21+-108=-43 
107+86+-21=-84 
109+107+86=46 
98+109+107=58 
27+98+109=-22 
-44+27+98=81 
-72+-44+27=-89 
98+-72+-44=-18 
-6+98+-72=20 
-108+-6+98=-16 
-111+-108+-6=31 
98+-111+-108=-121 
1+98+-111=-12 
91+1+98=-66 
100+91+1=-64 
36+100+91=-29 
-9+36+100=127 
34+-9+36=61 
-107+34+-9=-82 
-77+-107+34=106 
-54+-77+-107=18 
-25+-54+-77=100 
17+-25+-54=-62 
-122+17+-25=126 
-34+-122+17=117 
45+-34+-122=-111 
35+45+-34=46 
-14+35+45=66 
125+-14+35=-110 
80+125+-14=-65 
122+80+125=71 
-18+122+80=-72 
102+-18+122=-50 
62+102+-18=-110 
-65+62+102=99 
18+-65+62=15 
120+18+-65=73 
22+120+18=-96 
29+22+120=-85 
1+29+22=52 
-62+1+29=-32 
-99+-62+1=96 
35+-99+-62=-126 
81+35+-99=17 
-77+81+35=39 
-34+-77+81=-30 
45+-34+-77=-66 
96+45+-34=107 
-65+96+45=76 
-21+-65+96=10 
3+-21+-65=-83 
117+3+-21=99 
-92+117+3=28 
-86+-92+117=-61 
-27+-86+-92=51 
-13+-27+-86=-126 
42+-13+-27=2 
45+42+-13=74 
-24+45+42=63 
80+-24+45=101 
-20+80+-24=36 
-28+-20+80=32 
7+-28+-20=-41 
13+7+-28=-8 
36+13+7=56 
117+36+13=-90 
28+117+36=-75 
-73+28+117=72 
-62+-73+28=-107 
-13+-62+-73=108 
-14+-13+-62=-89 
-119+-14+-13=110 
35+-119+-14=-98 
101+35+-119=17 
-110+101+35=26 
-96+-110+101=-105 
20+-96+-110=70 
57+20+-96=-19 
56+57+20=-123 
-3+56+57=110 
88+-3+56=-115 
76+88+-3=-95 
-69+76+88=95 
-124+-69+76=-117 
107+-124+-69=-86 
99+107+-124=82 
127+99+107=77 
-34+127+99=-64 
62+-34+127=-101 
-16+62+-34=12 
91+-16+62=-119 
-16+91+-16=59 
-36+-16+91=39 
-11+-36+-16=-63 
113+-11+-36=66 
-64+113+-11=38 
110+-64+113=-97 
-114+110+-64=-68 
-104+-114+110=-108 
34+-104+-114=72 
-109+34+-104=77 
31+-109+34=-44 
-125+31+-109=53 
-94+-125+31=68 
-47+-94+-125=-10 
80+-47+-94=-61 
-33+80+-47=0 
-85+-33+80=-38 
75+-85+-33=-43 
118+75+-85=108 
-32+118+75=-95 
-121+-32+118=-35 
108+-121+-32=-45 
73+108+-121=60 
-31+73+108=-106 
127+-31+73=-87 
105+127+-31=-55 
114+105+127=90 
-23+114+105=-60 
58+-23+114=-107 
106+58+-23=-115 
70+106+58=-22 
25+70+106=-55 
122+25+70=-39 
53+122+25=-56 
39+53+122=-42 
-34+39+53=58 
35+-34+39=40 
-86+35+-34=-85 
-122+-86+35=83 
126+-122+-86=-82 
-46+126+-122=-42 
19+-46+126=99 
-78+19+-46=-105 
121+-78+19=62 
-24+121+-78=19 
53+-24+121=-106 
121+53+-24=-106 
-100+121+53=74 
102+-100+121=123 
65+102+-100=67 
31+65+102=-58 
63+31+65=-97 
106+63+31=-56 
-41+106+63=-128 
3+-41+106=68 
2+3+-41=-36 
-121+2+3=-116 
-91+-121+2=46 
3+-91+-121=47 
-100+3+-91=68 
58+-100+3=-39 
65+58+-100=23 
104+65+58=-29 
-87+104+65=82 
40+-87+104=57 
-98+40+-87=111 
125+-98+40=67 
-126+125+-98=-99 
33+-126+125=32 
15+33+-126=-78 
-29+15+33=19 
10+-29+15=-4 
52+10+-29=33 
-25+52+10=37 
30+-25+52=57 
-100+30+-25=-95 
3+-100+30=-67 
-103+3+-100=56 
35+-103+3=-65 
-3+35+-103=-71 
-116+-3+35=-84 
-125+-116+-3=12 
37+-125+-116=52 
61+37+-125=-27 
-3+61+37=95 
99+-3+61=-99 
-37+99+-3=59 
41+-37+99=103 
83+41+-37=87 
-32+83+41=92 
78+-32+83=-127 
105+78+-32=-105 
-87+105+78=96 
-53+-87+105=-35 
126+-53+-87=-14 
-14+126+-53=59 
-100+-14+126=12 
-60+-100+-14=82 
30+-60+-100=126 
-31+30+-60=-61 
-13+-31+30=-14 
-63+-13+-31=-107 
-74+-63+-13=106 
-20+-74+-63=99 
-55+-20+-74=107 
23+-55+-20=-52 
-44+23+-55=-76 
-113+-44+23=122 
26+-113+-44=125 
-39+26+-113=-126 
-49+-39+26=-62 
44+-49+-39=-44 
-39+44+-49=-44 
56+-39+44=61 
44+56+-39=61 
55+44+56=-101 
-38+55+44=61 
2+-38+55=19 
-37+2+-38=-73 
76+-37+2=41 
-100+76+-37=-61 
-73+-100+76=-97 
54+-73+-100=-119 
90+54+-73=71 
-83+90+54=61 
119+-83+90=126 
50+119+-83=86 
-76+50+119=93 
27+-76+50=1 
-44+27+-76=-93 
-38+-44+27=-55 
-35+-38+-44=-117 
-115+-35+-38=68 
-123+-115+-35=-17 
92+-123+-115=110 
116+92+-123=85 
-78+116+92=-126 
-2+-78+116=36 
95+-2+-78=15 
62+95+-2=-101 
18+62+95=-81 
23+18+62=103 
-75+23+18=-34 
108+-75+23=56 
-110+108+-75=-77 
-31+-110+108=-33 
124+-31+-110=-17 
-1+124+-31=92 
85+-1+124=-48 
26+85+-1=110 
93+26+85=-52 
-94+93+26=25 
-123+-94+93=-124 
46+-123+-94=85 
113+46+-123=36 
-46+113+46=113 
49+-46+113=116 
82+49+-46=85 
72+82+49=-53 
-110+72+82=44 
30+-110+72=-8 
107+30+-110=27 
10+107+30=-109 
-90+10+107=27 
58+-90+10=-22 
20+58+-90=-12 
3+20+58=81 
-101+3+20=-78 
-23+-101+3=-121 
90+-23+-101=-34 
86+90+-23=-103 
-98+86+90=78 
83+-98+86=71 
50+83+-98=35 
97+50+83=-26 
-16+97+50=-125 
-96+-16+97=-15 
11+-96+-16=-101 
-37+11+-96=-122 
40+-37+11=14 
-25+40+-37=-22 
76+-25+40=91 
-13+76+-25=38 
14+-13+76=77 
-39+14+-13=-38 
61+-39+14=36 
-122+61+-39=-100 
-128+-122+61=67 
110+-128+-122=116 
91+110+-128=73 
10+91+110=-45 
-100+10+91=1 
55+-100+10=-35 
53+55+-100=8 
86+53+55=-62 
-21+86+53=118 
95+-21+86=-96 
-73+95+-21=1 
90+-73+95=112 
28+90+-73=45 
-67+28+90=51 
-60+-67+28=-99 
1+-60+-67=-126 
97+1+-60=38 
-125+97+1=-27 
-96+-125+97=-124 
112+-96+-125=-109 
108+112+-96=124 
-113+108+112=107 
-9+-113+108=-14 
33+-9+-113=-89 
-30+33+-9=-6 
12+-30+33=15 
2+12+-30=-16 
124+2+12=-118 
67+124+2=-63 
90+67+124=25 
0+90+67=-99 
-8+0+90=82 
76+-8+0=68 
-93+76+-8=-25 
26+-93+76=9 
104+26+-93=37 
-8+104+26=122 
0+-8+104=96 
5+0+-8=-3 
111+5+0=116 
-96+111+5=20 
-57+-96+111=-42 
-111+-57+-96=-8 
43+-111+-57=-125 
-88+43+-111=100 
-128+-88+43=83 
-15+-128+-88=25 
-119+-15+-128=-6 
81+-119+-15=-53 
-33+81+-119=-71 
-3+-33+81=45 
-104+-3+-33=116 
120+-104+-3=13 
-50+120+-104=-34 
-59+-50+120=11 
-10+-59+-50=-119 
105+-10+-59=36 
-114+105+-10=-19 
33+-114+105=24 
-67+33+-114=108 
108+-67+33=74 
48+108+-67=89 
12+48+108=-88 
43+12+48=103 
106+43+12=-95 
-119+106+43=30 
-49+-119+106=-62 
71+-49+-119=-97 
44+71+-49=66 
-51+44+71=64 
97+-51+44=90 
-12+97+-51=34 
-29+-12+97=56 
-55+-29+-12=-96 
109+-55+-29=25 
-106+109+-55=-52 
17+-106+109=20 
-99+17+-106=68 
116+-99+17=34 
54+116+-99=71 
71+54+116=-15 
-43+71+54=82 
3+-43+71=31 
-35+3+-43=-75 
-111+-35+3=113 
-116+-111+-35=-6 
-117+-116+-111=-88 
-117+-117+-116=-94 
93+-117+-117=115 
40+93+-117=16 
-66+40+93=67 
112+-66+40=86 
-56+112+-66=-10 
22+-56+112=78 
126+22+-56=92 
-66+126+22=82 
-33+-66+126=27 
75+-33+-66=-24 
-114+75+-33=-72 
-98+-114+75=119 
-73+-98+-114=-29 
-125+-73+-98=-40 
84+-125+-73=-114 
-81+84+-125=-122 
22+-81+84=25 
28+22+-81=-31 
20+28+22=70 
22+20+28=70 
-79+22+20=-37 
-74+-79+22=125 
-86+-74+-79=17 
34+-86+-74=-126 
125+34+-86=73 
86+125+34=-11 
-83+86+125=-128 
56+-83+86=59 
9+56+-83=-18 
-82+9+56=-17 
-67+-82+9=116 
-125+-67+-82=-18 
18+-125+-67=82 
-28+18+-125=121 
41+-28+18=31 
89+41+-28=102 
112+89+41=-14 
-81+112+89=120 
73+-81+112=104 
42+73+-81=34 
91+42+73=-50 
-83+91+42=50 
33+-83+91=41 
-56+33+-83=-106 
26+-56+33=3 
-25+26+-56=-55 
-71+-25+26=-70 
-4+-71+-25=-100 
62+-4+-71=-13 
19+62+-4=77 
47+19+62=-128 
78+47+19=-112 
127+78+47=-4 
30+127+78=-21 
-118+30+127=39 
-93+-118+30=75 
33+-93+-118=78 
-30+33+-93=-90 
-92+-30+33=-89 
127+-92+-30=5 
67+127+-92=102 
-119+67+127=75 
70+-119+67=18 
-72+70+-119=-121 
43+-72+70=41 
30+43+-72=1 
65+30+43=-118 
44+65+30=-117 
-54+44+65=55 
-8+-54+44=-18 
118+-8+-54=56 
65+118+-8=-81 
-70+65+118=113 
-95+-70+65=-100 
-98+-95+-70=-7 
72+-98+-95=-121 
-1+72+-98=-27 
-97+-1+72=-26 
48+-97+-1=-50 
101+48+-97=52 
-35+101+48=114 
24+-35+101=90 
72+24+-35=61 
-122+72+24=-26 
4+-122+72=-46 
105+4+-122=-13 
-76+105+4=33 
85+-76+105=114 
98+85+-76=107 
108+98+85=35 
38+108+98=-12 
-35+38+108=111 
23+-35+38=26 
-97+23+-35=-109 
-90+-97+23=92 
71+-90+-97=-116 
62+71+-90=43 
-82+62+71=51 
122+-82+62=102 
-115+122+-82=-75 
-49+-115+122=-42 
78+-49+-115=-86 
-18+78+-49=11 
-64+-18+78=-4 
-51+-64+-18=123 
58+-51+-64=-57 
-1+58+-51=6 
28+-1+58=85 
-29+28+-1=-2 
107+-29+28=106 
55+107+-29=-123 
16+55+107=-78 
10+16+55=81 
-128+10+16=-102 
-10+-128+10=-128 
125+-10+-128=-13 
60+125+-10=-81 
13+60+125=-58 
-117+13+60=-44 
-53+-117+13=99 
115+-53+-117=-55 
93+115+-53=-101 
48+93+115=0 
114+48+93=-1 
-126+114+48=36 
-77+-126+114=-89 
107+-77+-126=-96 
50+107+-77=80 
65+50+107=-34 
-14+65+50=101 
-47+-14+65=4 
-57+-47+-14=-118 
100+-57+-47=-4 
34+100+-57=77 
72+34+100=-50 
-107+72+34=-1 
68+-107+72=33 
41+68+-107=2 
-117+41+68=-8 
47+-117+41=-29 
80+47+-117=10 
10+80+47=-119 
8+10+80=98 
104+8+10=122 
-80+104+8=32 
74+-80+104=98 
96+74+-80=90 
-97+96+74=73 
115+-97+96=114 
-115+115+-97=-97 
-106+-115+115=-106 
-1+-106+-115=34 
54+-1+-106=-53 
-43+54+-1=10 
43+-43+54=54 
-91+43+-43=-91 
89+-91+43=41 
-81+89+-91=-83 
-16+-81+89=-8 
-110+-16+-81=49 
-5+-110+-16=125 
-102+-5+-110=39 
-94+-102+-5=55 
126+-94+-102=-70 
33+126+-94=65 
27+33+126=-70 
31+27+33=91 
88+31+27=-110 
-38+88+31=81 
41+-38+88=91 
34+41+-38=37 
98+34+41=-83 
71+98+34=-53 
31+71+98=-56 
-111+31+71=-9 
92+-111+31=12 
65+92+-111=46 
28+65+92=-71 
15+28+65=108 
121+15+28=-92 
-105+121+15=31 
-115+-105+121=-99 
-52+-115+-105=-16 
-3+-52+-115=86 
7+-3+-52=-48 
35+7+-3=39 
-95+35+7=-53 
78+-95+35=18 
60+78+-95=43 
-18+60+78=120 
39+-18+60=81 
-11+39+-18=10 
53+-11+39=81 
13+53+-11=55 
75+13+53=-115 
