0.843750|-0.531250|0.00|0.00|0.00|0.00|  1| 0| 0| 1| 0
1.703125|0.265625|-0.531250|-0.531250|0.00|0.00|  2| 0| 0| 2| 0
-0.578125|0.546875|-0.265625|0.265625|-0.531250|0.00|  3| 0| 0| 3| 0
-1.156250|-0.203125|0.281250|0.546875|0.265625|-0.531250|  4| 0| 0| 4| 0
1.687500|-0.390625|0.609375|-0.203125|0.546875|0.265625|  5| 0| 0| 5| 0
-0.609375|0.546875|-0.046875|-0.390625|-0.203125|0.546875|  6| 0| 0| 6| 0
-1.218750|-0.203125|-0.046875|0.546875|-0.390625|-0.203125|  7| 0| 0| 7| 0
1.562500|-0.406250|-0.046875|-0.203125|0.546875|-0.390625|  8| 0| 0| 8| 0
-0.875000|0.500000|-0.062500|-0.406250|-0.203125|0.546875|  9| 0| 0| 9| 0
-1.734375|-0.296875|-0.109375|0.500000|-0.406250|-0.203125| 10| 0| 1| 0| 0
0.546875|-0.578125|-0.203125|-0.296875|0.500000|-0.406250| 11| 0| 1| 1| 0
1.093750|0.171875|-0.375000|-0.578125|-0.296875|0.500000| 12| 0| 1| 2| 0
-1.796875|0.343750|-0.703125|0.171875|-0.578125|-0.296875| 13| 0| 1| 3| 0
0.421875|-0.593750|-0.062500|0.343750|0.171875|-0.578125| 14| 0| 1| 4| 0
0.859375|0.125000|-0.078125|-0.593750|0.343750|0.171875| 15| 0| 1| 5| 0
1.734375|0.281250|-0.125000|0.125000|-0.593750|0.343750| 16| 0| 1| 6| 0
-0.515625|0.562500|-0.187500|0.281250|0.125000|-0.593750| 17| 0| 1| 7| 0
-1.031250|-0.171875|0.968750|0.562500|0.281250|0.125000| 18| 0| 1| 8| 0
1.953125|-0.343750|0.671875|-0.171875|0.562500|0.281250| 19| 0| 1| 9| 0
-0.093750|0.640625|0.046875|-0.343750|-0.171875|0.562500| 20| 0| 2| 0| 0
-0.171875|-0.031250|0.125000|0.640625|-0.343750|-0.171875| 21| 0| 2| 1| 0
-0.343750|-0.062500|0.265625|-0.031250|0.640625|-0.343750| 22| 0| 2| 2| 0
-0.687500|-0.125000|0.546875|-0.062500|-0.031250|0.640625| 23| 0| 2| 3| 0
-1.359375|-0.234375|-0.218750|-0.125000|-0.062500|-0.031250| 24| 0| 2| 4| 0
1.281250|-0.453125|-0.421875|-0.234375|-0.125000|-0.062500| 25| 0| 2| 5| 0
-1.437500|0.406250|-0.812500|-0.453125|-0.234375|-0.125000| 26| 0| 2| 6| 0
1.140625|-0.484375|-0.281250|0.406250|-0.453125|-0.234375| 27| 0| 2| 7| 0
-1.718750|0.359375|-0.531250|-0.484375|0.406250|-0.453125| 28| 0| 2| 8| 0
0.578125|-0.578125|0.281250|0.359375|-0.484375|0.406250| 29| 0| 2| 9| 0
1.156250|0.187500|-0.703125|-0.578125|0.359375|-0.484375| 30| 0| 3| 0| 0
-1.687500|0.375000|-0.031250|0.187500|-0.578125|0.359375| 31| 0| 3| 1| 0
0.640625|-0.562500|-0.015625|0.375000|0.187500|-0.578125| 32| 0| 3| 2| 0
1.296875|0.203125|0.00|-0.562500|0.375000|0.187500| 33| 0| 3| 3| 0
-1.406250|0.421875|0.015625|0.203125|-0.562500|0.375000| 34| 0| 3| 4| 0
1.203125|-0.468750|0.062500|0.421875|0.203125|-0.562500| 35| 0| 3| 5| 0
-1.593750|0.390625|0.156250|-0.468750|0.421875|0.203125| 36| 0| 3| 6| 0
0.812500|-0.531250|0.343750|0.390625|-0.468750|0.421875| 37| 0| 3| 7| 0
1.640625|0.265625|-0.609375|-0.531250|0.390625|-0.468750| 38| 0| 3| 8| 0
-0.703125|0.531250|0.125000|0.265625|-0.531250|0.390625| 39| 0| 3| 9| 0
-1.390625|-0.234375|0.265625|0.531250|0.265625|-0.531250| 40| 0| 4| 0| 0
1.234375|-0.468750|0.562500|-0.234375|0.531250|0.265625| 41| 0| 4| 1| 0
-1.531250|0.390625|-0.171875|-0.468750|-0.234375|0.531250| 42| 0| 4| 2| 0
0.937500|-0.515625|-0.312500|0.390625|-0.468750|-0.234375| 43| 0| 4| 3| 0
1.875000|0.296875|-0.593750|-0.515625|0.390625|-0.468750| 44| 0| 4| 4| 0
-0.250000|0.609375|0.171875|0.296875|-0.515625|0.390625| 45| 0| 4| 5| 0
-0.500000|-0.093750|0.390625|0.609375|0.296875|-0.515625| 46| 0| 4| 6| 0
-0.984375|-0.171875|0.812500|-0.093750|0.609375|0.296875| 47| 0| 4| 7| 0
-1.968750|-0.328125|0.343750|-0.171875|-0.093750|0.609375| 48| 0| 4| 8| 0
0.062500|-0.656250|-0.593750|-0.328125|-0.171875|-0.093750| 49| 0| 4| 9| 0
0.140625|0.015625|-1.156250|-0.656250|-0.328125|-0.171875| 50| 0| 5| 0| 0
0.281250|0.031250|-0.968750|0.015625|-0.656250|-0.328125| 51| 0| 5| 1| 0
0.562500|0.078125|-0.609375|0.031250|0.015625|-0.656250| 52| 0| 5| 2| 0
1.125000|0.171875|0.125000|0.078125|0.031250|0.015625| 53| 0| 5| 3| 0
-1.750000|0.359375|0.281250|0.171875|0.078125|0.031250| 54| 0| 5| 4| 0
0.515625|-0.578125|0.609375|0.359375|0.171875|0.078125| 55| 0| 5| 5| 0
1.031250|0.156250|-0.046875|-0.578125|0.359375|0.171875| 56| 0| 5| 6| 0
-1.921875|0.328125|-0.062500|0.156250|-0.578125|0.359375| 57| 0| 5| 7| 0
0.156250|-0.640625|-0.093750|0.328125|0.156250|-0.578125| 58| 0| 5| 8| 0
0.312500|0.046875|-0.156250|-0.640625|0.328125|0.156250| 59| 0| 5| 9| 0
0.625000|0.093750|-0.265625|0.046875|-0.640625|0.328125| 60| 0| 6| 0| 0
1.265625|0.203125|-0.500000|0.093750|0.046875|-0.640625| 61| 0| 6| 1| 0
-1.468750|0.406250|0.343750|0.203125|0.093750|0.046875| 62| 0| 6| 2| 0
1.078125|-0.484375|0.703125|0.406250|0.203125|0.093750| 63| 0| 6| 3| 0
-1.828125|0.343750|0.125000|-0.484375|0.406250|0.203125| 64| 0| 6| 4| 0
0.359375|-0.609375|0.265625|0.343750|-0.484375|0.406250| 65| 0| 6| 5| 0
0.718750|0.109375|-0.750000|-0.609375|0.343750|-0.484375| 66| 0| 6| 6| 0
1.453125|0.234375|-0.156250|0.109375|-0.609375|0.343750| 67| 0| 6| 7| 0
-1.078125|0.468750|-0.265625|0.234375|0.109375|-0.609375| 68| 0| 6| 8| 0
1.859375|-0.359375|0.812500|0.468750|0.234375|0.109375| 69| 0| 6| 9| 0
-0.265625|0.609375|0.343750|-0.359375|0.468750|0.234375| 70| 0| 7| 0| 0
-0.531250|-0.093750|0.718750|0.609375|-0.359375|0.468750| 71| 0| 7| 1| 0
-1.062500|-0.187500|0.156250|-0.093750|0.609375|-0.359375| 72| 0| 7| 2| 0
1.890625|-0.359375|0.328125|-0.187500|-0.093750|0.609375| 73| 0| 7| 3| 0
-0.218750|0.609375|-0.640625|-0.359375|-0.187500|-0.093750| 74| 0| 7| 4| 0
-0.437500|-0.078125|0.062500|0.609375|-0.359375|-0.187500| 75| 0| 7| 5| 0
-0.859375|-0.156250|0.171875|-0.078125|0.609375|-0.359375| 76| 0| 7| 6| 0
-1.703125|-0.296875|0.375000|-0.156250|-0.078125|0.609375| 77| 0| 7| 7| 0
0.609375|-0.562500|-0.531250|-0.296875|-0.156250|-0.078125| 78| 0| 7| 8| 0
1.218750|0.187500|-1.015625|-0.562500|-0.296875|-0.156250| 79| 0| 7| 9| 0
-1.562500|0.390625|-0.671875|0.187500|-0.562500|-0.296875| 80| 0| 8| 0| 0
0.875000|-0.515625|0.015625|0.390625|0.187500|-0.562500| 81| 0| 8| 1| 0
1.750000|0.281250|0.062500|-0.515625|0.390625|0.187500| 82| 0| 8| 2| 0
-0.484375|0.562500|0.156250|0.281250|-0.515625|0.390625| 83| 0| 8| 3| 0
-0.953125|-0.171875|0.328125|0.562500|0.281250|-0.515625| 84| 0| 8| 4| 0
-1.906250|-0.328125|0.671875|-0.171875|0.562500|0.281250| 85| 0| 8| 5| 0
0.187500|-0.640625|0.062500|-0.328125|-0.171875|0.562500| 86| 0| 8| 6| 0
0.375000|0.046875|-1.140625|-0.640625|-0.328125|-0.171875| 87| 0| 8| 7| 0
0.765625|0.109375|-0.921875|0.046875|-0.640625|-0.328125| 88| 0| 8| 8| 0
1.546875|0.250000|-0.484375|0.109375|0.046875|-0.640625| 89| 0| 8| 9| 0
-0.906250|0.500000|0.406250|0.250000|0.109375|0.046875| 90| 0| 9| 0| 0
-1.812500|-0.312500|0.859375|0.500000|0.250000|0.109375| 91| 0| 9| 1| 0
0.390625|-0.609375|0.437500|-0.312500|0.500000|0.250000| 92| 0| 9| 2| 0
0.796875|0.125000|-0.421875|-0.609375|-0.312500|0.500000| 93| 0| 9| 3| 0
1.609375|0.250000|-0.796875|0.125000|-0.609375|-0.312500| 94| 0| 9| 4| 0
-0.781250|0.515625|-0.234375|0.250000|0.125000|-0.609375| 95| 0| 9| 5| 0
-1.546875|-0.265625|0.890625|0.515625|0.250000|0.125000| 96| 0| 9| 6| 0
0.906250|-0.515625|0.500000|-0.265625|0.515625|0.250000| 97| 0| 9| 7| 0
1.812500|0.296875|-0.265625|-0.515625|-0.265625|0.515625| 98| 0| 9| 8| 0
-0.359375|0.593750|-0.484375|0.296875|-0.515625|-0.265625| 99| 0| 9| 9| 0
-0.718750|-0.125000|0.375000|0.593750|0.296875|-0.515625| 10| 1| 1| 0| 1
-1.421875|-0.250000|0.765625|-0.125000|0.593750|0.296875| 10| 1| 1| 0| 1
1.171875|-0.468750|0.218750|-0.250000|-0.125000|0.593750| 10| 1| 1| 0| 1
-1.656250|0.375000|-0.843750|-0.468750|-0.250000|-0.125000| 10| 1| 1| 0| 1
0.703125|-0.546875|-0.343750|0.375000|-0.468750|-0.250000| 10| 1| 1| 0| 1
1.421875|0.218750|-0.640625|-0.546875|0.375000|-0.468750| 10| 1| 1| 0| 1
-1.140625|0.453125|0.046875|0.218750|-0.546875|0.375000| 10| 1| 1| 0| 1
1.718750|-0.375000|0.125000|0.453125|0.218750|-0.546875| 10| 1| 1| 0| 1
-0.546875|0.562500|0.296875|-0.375000|0.453125|0.218750| 10| 1| 1| 0| 1
-1.093750|-0.187500|0.640625|0.562500|-0.375000|0.453125| 10| 1| 1| 0| 1
1.828125|-0.359375|0.00|-0.187500|0.562500|-0.375000| 11| 1| 1| 1| 1
-0.328125|0.593750|0.015625|-0.359375|-0.187500|0.562500| 11| 1| 1| 1| 1
-0.656250|-0.109375|0.046875|0.593750|-0.359375|-0.187500| 11| 1| 1| 1| 1
-1.296875|-0.218750|0.125000|-0.109375|0.593750|-0.359375| 11| 1| 1| 1| 1
1.406250|-0.437500|0.265625|-0.218750|-0.109375|0.593750| 11| 1| 1| 1| 1
-1.171875|0.453125|-0.765625|-0.437500|-0.218750|-0.109375| 11| 1| 1| 1| 1
1.656250|-0.390625|-0.203125|0.453125|-0.437500|-0.218750| 11| 1| 1| 1| 1
-0.671875|0.531250|-0.375000|-0.390625|0.453125|-0.437500| 11| 1| 1| 1| 1
-1.328125|-0.234375|0.593750|0.531250|-0.390625|0.453125| 11| 1| 1| 1| 1
1.343750|-0.437500|-0.093750|-0.234375|0.531250|-0.390625| 11| 1| 1| 1| 1
-1.312500|0.437500|-0.140625|-0.437500|-0.234375|0.531250| 12| 1| 1| 2| 1
1.375000|-0.437500|-0.234375|0.437500|-0.437500|-0.234375| 12| 1| 1| 2| 1
-1.234375|0.437500|-0.437500|-0.437500|0.437500|-0.437500| 12| 1| 1| 2| 1
1.531250|-0.406250|0.437500|0.437500|-0.437500|0.437500| 12| 1| 1| 2| 1
-0.937500|0.500000|-0.406250|-0.406250|0.437500|-0.437500| 12| 1| 1| 2| 1
-1.875000|-0.312500|0.531250|0.500000|-0.406250|0.437500| 12| 1| 1| 2| 1
0.265625|-0.625000|-0.218750|-0.312500|0.500000|-0.406250| 12| 1| 1| 2| 1
0.531250|0.078125|-0.437500|-0.625000|-0.312500|0.500000| 12| 1| 1| 2| 1
1.062500|0.171875|-0.859375|0.078125|-0.625000|-0.312500| 12| 1| 1| 2| 1
-1.859375|0.343750|-0.375000|0.171875|0.078125|-0.625000| 12| 1| 1| 2| 1
0.296875|-0.625000|0.593750|0.343750|0.171875|0.078125| 13| 1| 1| 3| 1
0.593750|0.093750|-0.109375|-0.625000|0.343750|0.171875| 13| 1| 1| 3| 1
1.187500|0.187500|-0.187500|0.093750|-0.625000|0.343750| 13| 1| 1| 3| 1
-1.625000|0.375000|-0.343750|0.187500|0.093750|-0.625000| 13| 1| 1| 3| 1
0.750000|-0.546875|0.656250|0.375000|0.187500|0.093750| 13| 1| 1| 3| 1
1.515625|0.234375|0.015625|-0.546875|0.375000|0.187500| 13| 1| 1| 3| 1
-0.968750|0.484375|0.062500|0.234375|-0.546875|0.375000| 13| 1| 1| 3| 1
-1.937500|-0.328125|0.171875|0.484375|0.234375|-0.546875| 13| 1| 1| 3| 1
0.125000|-0.640625|0.390625|-0.328125|0.484375|0.234375| 13| 1| 1| 3| 1
0.250000|0.031250|-0.484375|-0.640625|-0.328125|0.484375| 13| 1| 1| 3| 1
0.500000|0.078125|-0.937500|0.031250|-0.640625|-0.328125| 14| 1| 1| 4| 1
1.00|0.156250|-0.531250|0.078125|0.031250|-0.640625| 14| 1| 1| 4| 1
-1.984375|0.328125|0.265625|0.156250|0.078125|0.031250| 14| 1| 1| 4| 1
0.031250|-0.656250|0.562500|0.328125|0.156250|0.078125| 14| 1| 1| 4| 1
0.078125|0.00|-0.171875|-0.656250|0.328125|0.156250| 14| 1| 1| 4| 1
0.171875|0.015625|-0.328125|0.00|-0.656250|0.328125| 14| 1| 1| 4| 1
0.343750|0.046875|-0.640625|0.015625|0.00|-0.656250| 14| 1| 1| 4| 1
0.687500|0.109375|0.062500|0.046875|0.015625|0.00| 14| 1| 1| 4| 1
1.390625|0.218750|0.171875|0.109375|0.046875|0.015625| 14| 1| 1| 4| 1
-1.203125|0.453125|0.375000|0.218750|0.109375|0.046875| 14| 1| 1| 4| 1
1.593750|-0.406250|0.781250|0.453125|0.218750|0.109375| 15| 1| 1| 5| 1
-0.812500|0.515625|0.265625|-0.406250|0.453125|0.218750| 15| 1| 1| 5| 1
-1.609375|-0.281250|0.562500|0.515625|-0.406250|0.453125| 15| 1| 1| 5| 1
0.781250|-0.531250|-0.171875|-0.281250|0.515625|-0.406250| 15| 1| 1| 5| 1
1.578125|0.250000|-0.296875|-0.531250|-0.281250|0.515625| 15| 1| 1| 5| 1
-0.843750|0.515625|-0.562500|0.250000|-0.531250|-0.281250| 15| 1| 1| 5| 1
-1.671875|-0.281250|0.234375|0.515625|0.250000|-0.531250| 15| 1| 1| 5| 1
0.671875|-0.562500|0.484375|-0.281250|0.515625|0.250000| 15| 1| 1| 5| 1
1.359375|0.218750|-0.328125|-0.562500|-0.281250|0.515625| 15| 1| 1| 5| 1
-1.281250|0.437500|-0.625000|0.218750|-0.562500|-0.281250| 15| 1| 1| 5| 1
1.437500|-0.421875|0.093750|0.437500|0.218750|-0.562500| 16| 1| 1| 6| 1
-1.109375|0.468750|0.234375|-0.421875|0.437500|0.218750| 16| 1| 1| 6| 1
1.796875|-0.375000|0.484375|0.468750|-0.421875|0.437500| 16| 1| 1| 6| 1
-0.390625|0.578125|-0.328125|-0.375000|0.468750|-0.421875| 16| 1| 1| 6| 1
-0.765625|-0.140625|0.671875|0.578125|-0.375000|0.468750| 16| 1| 1| 6| 1
-1.515625|-0.265625|0.062500|-0.140625|0.578125|-0.375000| 16| 1| 1| 6| 1
0.968750|-0.500000|0.171875|-0.265625|-0.140625|0.578125| 16| 1| 1| 6| 1
1.937500|0.312500|-0.906250|-0.500000|-0.265625|-0.140625| 16| 1| 1| 6| 1
-0.125000|0.625000|-0.453125|0.312500|-0.500000|-0.265625| 16| 1| 1| 6| 1
-0.234375|-0.046875|0.437500|0.625000|0.312500|-0.500000| 16| 1| 1| 6| 1
-0.468750|-0.078125|0.890625|-0.046875|0.625000|0.312500| 17| 1| 1| 7| 1
-0.921875|-0.156250|0.500000|-0.078125|-0.046875|0.625000| 17| 1| 1| 7| 1
-1.843750|-0.312500|-0.281250|-0.156250|-0.078125|-0.046875| 17| 1| 1| 7| 1
0.328125|-0.609375|-0.546875|-0.312500|-0.156250|-0.078125| 17| 1| 1| 7| 1
0.656250|0.093750|-1.078125|-0.609375|-0.312500|-0.156250| 17| 1| 1| 7| 1
1.328125|0.203125|-0.828125|0.093750|-0.609375|-0.312500| 17| 1| 1| 7| 1
-1.343750|0.421875|-0.312500|0.203125|0.093750|-0.609375| 17| 1| 1| 7| 1
1.312500|-0.453125|0.718750|0.421875|0.203125|0.093750| 17| 1| 1| 7| 1
-1.375000|0.421875|0.171875|-0.453125|0.421875|0.203125| 17| 1| 1| 7| 1
1.250000|-0.453125|0.390625|0.421875|-0.453125|0.421875| 17| 1| 1| 7| 1
-1.500000|0.406250|-0.484375|-0.453125|0.421875|-0.453125| 18| 1| 1| 8| 1
1.015625|-0.500000|0.375000|0.406250|-0.453125|0.421875| 18| 1| 1| 8| 1
-1.953125|0.328125|-0.546875|-0.500000|0.406250|-0.453125| 18| 1| 1| 8| 1
0.093750|-0.656250|0.234375|0.328125|-0.500000|0.406250| 18| 1| 1| 8| 1
0.203125|0.015625|-0.828125|-0.656250|0.328125|-0.500000| 18| 1| 1| 8| 1
0.406250|0.062500|-0.312500|0.015625|-0.656250|0.328125| 18| 1| 1| 8| 1
0.828125|0.125000|-0.578125|0.062500|0.015625|-0.656250| 18| 1| 1| 8| 1
1.671875|0.265625|0.203125|0.125000|0.062500|0.015625| 18| 1| 1| 8| 1
-0.640625|0.546875|0.453125|0.265625|0.125000|0.062500| 18| 1| 1| 8| 1
-1.265625|-0.218750|0.937500|0.546875|0.265625|0.125000| 18| 1| 1| 8| 1
1.468750|-0.421875|0.593750|-0.218750|0.546875|0.265625| 19| 1| 1| 9| 1
-1.046875|0.468750|-0.093750|-0.421875|-0.218750|0.546875| 19| 1| 1| 9| 1
1.921875|-0.343750|-0.171875|0.468750|-0.421875|-0.218750| 19| 1| 1| 9| 1
-0.156250|0.625000|-0.296875|-0.343750|0.468750|-0.421875| 19| 1| 1| 9| 1
-0.312500|-0.062500|0.750000|0.625000|-0.343750|0.468750| 19| 1| 1| 9| 1
-0.625000|-0.109375|0.218750|-0.062500|0.625000|-0.343750| 19| 1| 1| 9| 1
-1.250000|-0.218750|0.453125|-0.109375|-0.062500|0.625000| 19| 1| 1| 9| 1
1.500000|-0.421875|-0.390625|-0.218750|-0.109375|-0.062500| 19| 1| 1| 9| 1
-1.00|0.484375|-0.750000|-0.421875|-0.218750|-0.109375| 19| 1| 1| 9| 1
-2.00|-0.328125|-0.156250|0.484375|-0.421875|-0.218750| 19| 1| 1| 9| 1
0.00|-0.656250|-0.265625|-0.328125|0.484375|-0.421875| 20| 1| 2| 0| 1
0.015625|0.00|-0.500000|-0.656250|-0.328125|0.484375| 20| 1| 2| 0| 1
0.046875|0.00|-0.984375|0.00|-0.656250|-0.328125| 20| 1| 2| 0| 1
0.109375|0.00|-0.656250|0.00|0.00|-0.656250| 20| 1| 2| 0| 1
0.234375|0.031250|0.00|0.00|0.00|0.00| 20| 1| 2| 0| 1
0.468750|0.062500|0.031250|0.031250|0.00|0.00| 20| 1| 2| 0| 1
0.953125|0.140625|0.093750|0.062500|0.031250|0.00| 20| 1| 2| 0| 1
1.906250|0.312500|0.234375|0.140625|0.062500|0.031250| 20| 1| 2| 0| 1
-0.187500|0.625000|0.515625|0.312500|0.140625|0.062500| 20| 1| 2| 0| 1
-0.375000|-0.062500|1.078125|0.625000|0.312500|0.140625| 20| 1| 2| 0| 1
-0.750000|-0.125000|0.875000|-0.062500|0.625000|0.312500| 21| 1| 2| 1| 1
-1.484375|-0.250000|0.437500|-0.125000|-0.062500|0.625000| 21| 1| 2| 1| 1
1.046875|-0.500000|-0.437500|-0.250000|-0.125000|-0.062500| 21| 1| 2| 1| 1
-1.890625|0.328125|-0.875000|-0.500000|-0.250000|-0.125000| 21| 1| 2| 1| 1
0.218750|-0.625000|-0.421875|0.328125|-0.500000|-0.250000| 21| 1| 2| 1| 1
0.437500|0.062500|-0.796875|-0.625000|0.328125|-0.500000| 21| 1| 2| 1| 1
0.890625|0.140625|-0.234375|0.062500|-0.625000|0.328125| 21| 1| 2| 1| 1
1.781250|0.281250|-0.421875|0.140625|0.062500|-0.625000| 21| 1| 2| 1| 1
-0.421875|0.578125|0.484375|0.281250|0.140625|0.062500| 21| 1| 2| 1| 1
-0.828125|-0.140625|1.00|0.578125|0.281250|0.140625| 21| 1| 2| 1| 1
-1.640625|-0.281250|0.718750|-0.140625|0.578125|0.281250| 22| 1| 2| 2| 1
0.734375|-0.546875|0.156250|-0.281250|-0.140625|0.578125| 22| 1| 2| 2| 1
1.484375|0.234375|-0.968750|-0.546875|-0.281250|-0.140625| 22| 1| 2| 2| 1
-1.015625|0.484375|-0.593750|0.234375|-0.546875|-0.281250| 22| 1| 2| 2| 1
1.984375|-0.343750|0.171875|0.484375|0.234375|-0.546875| 22| 1| 2| 2| 1
-0.031250|0.640625|0.375000|-0.343750|0.484375|0.234375| 22| 1| 2| 2| 1
-0.046875|-0.015625|0.781250|0.640625|-0.343750|0.484375| 22| 1| 2| 2| 1
-0.078125|-0.015625|0.281250|-0.015625|0.640625|-0.343750| 22| 1| 2| 2| 1
-0.140625|-0.031250|0.609375|-0.015625|-0.015625|0.640625| 22| 1| 2| 2| 1
-0.281250|-0.046875|-0.062500|-0.031250|-0.015625|-0.015625| 22| 1| 2| 2| 1
-0.562500|-0.093750|-0.093750|-0.046875|-0.031250|-0.015625| 23| 1| 2| 3| 1
-1.125000|-0.187500|-0.171875|-0.093750|-0.046875|-0.031250| 23| 1| 2| 3| 1
1.765625|-0.375000|-0.328125|-0.187500|-0.093750|-0.046875| 23| 1| 2| 3| 1
-0.453125|0.578125|-0.656250|-0.375000|-0.187500|-0.093750| 23| 1| 2| 3| 1
-0.890625|-0.156250|0.015625|0.578125|-0.375000|-0.187500| 23| 1| 2| 3| 1
-1.781250|-0.296875|0.046875|-0.156250|0.578125|-0.375000| 23| 1| 2| 3| 1
0.453125|-0.593750|0.125000|-0.296875|-0.156250|0.578125| 23| 1| 2| 3| 1
0.921875|0.140625|-1.046875|-0.593750|-0.296875|-0.156250| 23| 1| 2| 3| 1
1.843750|0.296875|-0.750000|0.140625|-0.593750|-0.296875| 23| 1| 2| 3| 1
-0.296875|0.593750|-0.156250|0.296875|0.140625|-0.593750| 23| 1| 2| 3| 1
-0.593750|-0.109375|1.031250|0.593750|0.296875|0.140625| 24| 1| 2| 4| 1
-1.187500|-0.203125|0.781250|-0.109375|0.593750|0.296875| 24| 1| 2| 4| 1
1.625000|-0.390625|0.281250|-0.203125|-0.109375|0.593750| 24| 1| 2| 4| 1
-0.734375|0.531250|-0.703125|-0.390625|-0.203125|-0.109375| 24| 1| 2| 4| 1
-1.453125|-0.250000|-0.062500|0.531250|-0.390625|-0.203125| 24| 1| 2| 4| 1
1.109375|-0.484375|-0.109375|-0.250000|0.531250|-0.390625| 24| 1| 2| 4| 1
-1.765625|0.359375|-0.203125|-0.484375|-0.250000|0.531250| 24| 1| 2| 4| 1
0.484375|-0.593750|-0.375000|0.359375|-0.484375|-0.250000| 24| 1| 2| 4| 1
0.984375|0.156250|-0.718750|-0.593750|0.359375|-0.484375| 24| 1| 2| 4| 1
1.968750|0.312500|-0.078125|0.156250|-0.593750|0.359375| 24| 1| 2| 4| 1
-0.062500|0.640625|-0.125000|0.312500|0.156250|-0.593750| 25| 1| 2| 5| 1
-0.109375|-0.031250|1.109375|0.640625|0.312500|0.156250| 25| 1| 2| 5| 1
-0.203125|-0.046875|0.921875|-0.031250|0.640625|0.312500| 25| 1| 2| 5| 1
-0.406250|-0.078125|0.562500|-0.046875|-0.031250|0.640625| 25| 1| 2| 5| 1
-0.796875|-0.140625|-0.156250|-0.078125|-0.046875|-0.031250| 25| 1| 2| 5| 1
-1.578125|-0.265625|-0.265625|-0.140625|-0.078125|-0.046875| 25| 1| 2| 5| 1
0.843750|-0.531250|-0.484375|-0.265625|-0.140625|-0.078125| 25| 1| 2| 5| 1
1.703125|0.265625|-0.937500|-0.531250|-0.265625|-0.140625| 25| 1| 2| 5| 1
-0.578125|0.546875|-0.531250|0.265625|-0.531250|-0.265625| 25| 1| 2| 5| 1
-1.156250|-0.203125|0.281250|0.546875|0.265625|-0.531250| 25| 1| 2| 5| 1
1.687500|-0.390625|0.609375|-0.203125|0.546875|0.265625| 26| 1| 2| 6| 1
-0.609375|0.546875|-0.046875|-0.390625|-0.203125|0.546875| 26| 1| 2| 6| 1
-1.218750|-0.203125|-0.046875|0.546875|-0.390625|-0.203125| 26| 1| 2| 6| 1
1.562500|-0.406250|-0.046875|-0.203125|0.546875|-0.390625| 26| 1| 2| 6| 1
-0.875000|0.500000|-0.062500|-0.406250|-0.203125|0.546875| 26| 1| 2| 6| 1
-1.734375|-0.296875|-0.109375|0.500000|-0.406250|-0.203125| 26| 1| 2| 6| 1
0.546875|-0.578125|-0.203125|-0.296875|0.500000|-0.406250| 26| 1| 2| 6| 1
1.093750|0.171875|-0.375000|-0.578125|-0.296875|0.500000| 26| 1| 2| 6| 1
-1.796875|0.343750|-0.703125|0.171875|-0.578125|-0.296875| 26| 1| 2| 6| 1
0.421875|-0.593750|-0.062500|0.343750|0.171875|-0.578125| 26| 1| 2| 6| 1
0.859375|0.125000|-0.078125|-0.593750|0.343750|0.171875| 27| 1| 2| 7| 1
1.734375|0.281250|-0.125000|0.125000|-0.593750|0.343750| 27| 1| 2| 7| 1
-0.515625|0.562500|-0.187500|0.281250|0.125000|-0.593750| 27| 1| 2| 7| 1
-1.031250|-0.171875|0.968750|0.562500|0.281250|0.125000| 27| 1| 2| 7| 1
1.953125|-0.343750|0.671875|-0.171875|0.562500|0.281250| 27| 1| 2| 7| 1
-0.093750|0.640625|0.046875|-0.343750|-0.171875|0.562500| 27| 1| 2| 7| 1
-0.171875|-0.031250|0.125000|0.640625|-0.343750|-0.171875| 27| 1| 2| 7| 1
-0.343750|-0.062500|0.265625|-0.031250|0.640625|-0.343750| 27| 1| 2| 7| 1
-0.687500|-0.125000|0.546875|-0.062500|-0.031250|0.640625| 27| 1| 2| 7| 1
-1.359375|-0.234375|-0.218750|-0.125000|-0.062500|-0.031250| 27| 1| 2| 7| 1
1.281250|-0.453125|-0.421875|-0.234375|-0.125000|-0.062500| 28| 1| 2| 8| 1
-1.437500|0.406250|-0.812500|-0.453125|-0.234375|-0.125000| 28| 1| 2| 8| 1
1.140625|-0.484375|-0.281250|0.406250|-0.453125|-0.234375| 28| 1| 2| 8| 1
-1.718750|0.359375|-0.531250|-0.484375|0.406250|-0.453125| 28| 1| 2| 8| 1
0.578125|-0.578125|0.281250|0.359375|-0.484375|0.406250| 28| 1| 2| 8| 1
1.156250|0.187500|-0.703125|-0.578125|0.359375|-0.484375| 28| 1| 2| 8| 1
-1.687500|0.375000|-0.031250|0.187500|-0.578125|0.359375| 28| 1| 2| 8| 1
0.640625|-0.562500|-0.015625|0.375000|0.187500|-0.578125| 28| 1| 2| 8| 1
1.296875|0.203125|0.00|-0.562500|0.375000|0.187500| 28| 1| 2| 8| 1
-1.406250|0.421875|0.015625|0.203125|-0.562500|0.375000| 28| 1| 2| 8| 1
1.203125|-0.468750|0.062500|0.421875|0.203125|-0.562500| 29| 1| 2| 9| 1
-1.593750|0.390625|0.156250|-0.468750|0.421875|0.203125| 29| 1| 2| 9| 1
0.812500|-0.531250|0.343750|0.390625|-0.468750|0.421875| 29| 1| 2| 9| 1
1.640625|0.265625|-0.609375|-0.531250|0.390625|-0.468750| 29| 1| 2| 9| 1
-0.703125|0.531250|0.125000|0.265625|-0.531250|0.390625| 29| 1| 2| 9| 1
-1.390625|-0.234375|0.265625|0.531250|0.265625|-0.531250| 29| 1| 2| 9| 1
1.234375|-0.468750|0.562500|-0.234375|0.531250|0.265625| 29| 1| 2| 9| 1
-1.531250|0.390625|-0.171875|-0.468750|-0.234375|0.531250| 29| 1| 2| 9| 1
0.937500|-0.515625|-0.312500|0.390625|-0.468750|-0.234375| 29| 1| 2| 9| 1
1.875000|0.296875|-0.593750|-0.515625|0.390625|-0.468750| 29| 1| 2| 9| 1
-0.250000|0.609375|0.171875|0.296875|-0.515625|0.390625| 30| 1| 3| 0| 1
-0.500000|-0.093750|0.390625|0.609375|0.296875|-0.515625| 30| 1| 3| 0| 1
-0.984375|-0.171875|0.812500|-0.093750|0.609375|0.296875| 30| 1| 3| 0| 1
-1.968750|-0.328125|0.343750|-0.171875|-0.093750|0.609375| 30| 1| 3| 0| 1
0.062500|-0.656250|-0.593750|-0.328125|-0.171875|-0.093750| 30| 1| 3| 0| 1
0.140625|0.015625|-1.156250|-0.656250|-0.328125|-0.171875| 30| 1| 3| 0| 1
0.281250|0.031250|-0.968750|0.015625|-0.656250|-0.328125| 30| 1| 3| 0| 1
0.562500|0.078125|-0.609375|0.031250|0.015625|-0.656250| 30| 1| 3| 0| 1
1.125000|0.171875|0.125000|0.078125|0.031250|0.015625| 30| 1| 3| 0| 1
-1.750000|0.359375|0.281250|0.171875|0.078125|0.031250| 30| 1| 3| 0| 1
0.515625|-0.578125|0.609375|0.359375|0.171875|0.078125| 31| 1| 3| 1| 1
1.031250|0.156250|-0.046875|-0.578125|0.359375|0.171875| 31| 1| 3| 1| 1
-1.921875|0.328125|-0.062500|0.156250|-0.578125|0.359375| 31| 1| 3| 1| 1
0.156250|-0.640625|-0.093750|0.328125|0.156250|-0.578125| 31| 1| 3| 1| 1
0.312500|0.046875|-0.156250|-0.640625|0.328125|0.156250| 31| 1| 3| 1| 1
0.625000|0.093750|-0.265625|0.046875|-0.640625|0.328125| 31| 1| 3| 1| 1
1.265625|0.203125|-0.500000|0.093750|0.046875|-0.640625| 31| 1| 3| 1| 1
-1.468750|0.406250|0.343750|0.203125|0.093750|0.046875| 31| 1| 3| 1| 1
1.078125|-0.484375|0.703125|0.406250|0.203125|0.093750| 31| 1| 3| 1| 1
-1.828125|0.343750|0.125000|-0.484375|0.406250|0.203125| 31| 1| 3| 1| 1
0.359375|-0.609375|0.265625|0.343750|-0.484375|0.406250| 32| 1| 3| 2| 1
0.718750|0.109375|-0.750000|-0.609375|0.343750|-0.484375| 32| 1| 3| 2| 1
1.453125|0.234375|-0.156250|0.109375|-0.609375|0.343750| 32| 1| 3| 2| 1
-1.078125|0.468750|-0.265625|0.234375|0.109375|-0.609375| 32| 1| 3| 2| 1
1.859375|-0.359375|0.812500|0.468750|0.234375|0.109375| 32| 1| 3| 2| 1
-0.265625|0.609375|0.343750|-0.359375|0.468750|0.234375| 32| 1| 3| 2| 1
-0.531250|-0.093750|0.718750|0.609375|-0.359375|0.468750| 32| 1| 3| 2| 1
-1.062500|-0.187500|0.156250|-0.093750|0.609375|-0.359375| 32| 1| 3| 2| 1
1.890625|-0.359375|0.328125|-0.187500|-0.093750|0.609375| 32| 1| 3| 2| 1
-0.218750|0.609375|-0.640625|-0.359375|-0.187500|-0.093750| 32| 1| 3| 2| 1
-0.437500|-0.078125|0.062500|0.609375|-0.359375|-0.187500| 33| 1| 3| 3| 1
-0.859375|-0.156250|0.171875|-0.078125|0.609375|-0.359375| 33| 1| 3| 3| 1
-1.703125|-0.296875|0.375000|-0.156250|-0.078125|0.609375| 33| 1| 3| 3| 1
0.609375|-0.562500|-0.531250|-0.296875|-0.156250|-0.078125| 33| 1| 3| 3| 1
1.218750|0.187500|-1.015625|-0.562500|-0.296875|-0.156250| 33| 1| 3| 3| 1
-1.562500|0.390625|-0.671875|0.187500|-0.562500|-0.296875| 33| 1| 3| 3| 1
0.875000|-0.515625|0.015625|0.390625|0.187500|-0.562500| 33| 1| 3| 3| 1
1.750000|0.281250|0.062500|-0.515625|0.390625|0.187500| 33| 1| 3| 3| 1
-0.484375|0.562500|0.156250|0.281250|-0.515625|0.390625| 33| 1| 3| 3| 1
-0.953125|-0.171875|0.328125|0.562500|0.281250|-0.515625| 33| 1| 3| 3| 1
-1.906250|-0.328125|0.671875|-0.171875|0.562500|0.281250| 34| 1| 3| 4| 1
0.187500|-0.640625|0.062500|-0.328125|-0.171875|0.562500| 34| 1| 3| 4| 1
0.375000|0.046875|-1.140625|-0.640625|-0.328125|-0.171875| 34| 1| 3| 4| 1
0.765625|0.109375|-0.921875|0.046875|-0.640625|-0.328125| 34| 1| 3| 4| 1
1.546875|0.250000|-0.484375|0.109375|0.046875|-0.640625| 34| 1| 3| 4| 1
-0.906250|0.500000|0.406250|0.250000|0.109375|0.046875| 34| 1| 3| 4| 1
-1.812500|-0.312500|0.859375|0.500000|0.250000|0.109375| 34| 1| 3| 4| 1
0.390625|-0.609375|0.437500|-0.312500|0.500000|0.250000| 34| 1| 3| 4| 1
0.796875|0.125000|-0.421875|-0.609375|-0.312500|0.500000| 34| 1| 3| 4| 1
1.609375|0.250000|-0.796875|0.125000|-0.609375|-0.312500| 34| 1| 3| 4| 1
-0.781250|0.515625|-0.234375|0.250000|0.125000|-0.609375| 35| 1| 3| 5| 1
-1.546875|-0.265625|0.890625|0.515625|0.250000|0.125000| 35| 1| 3| 5| 1
0.906250|-0.515625|0.500000|-0.265625|0.515625|0.250000| 35| 1| 3| 5| 1
1.812500|0.296875|-0.265625|-0.515625|-0.265625|0.515625| 35| 1| 3| 5| 1
-0.359375|0.593750|-0.484375|0.296875|-0.515625|-0.265625| 35| 1| 3| 5| 1
-0.718750|-0.125000|0.375000|0.593750|0.296875|-0.515625| 35| 1| 3| 5| 1
-1.421875|-0.250000|0.765625|-0.125000|0.593750|0.296875| 35| 1| 3| 5| 1
1.171875|-0.468750|0.218750|-0.250000|-0.125000|0.593750| 35| 1| 3| 5| 1
-1.656250|0.375000|-0.843750|-0.468750|-0.250000|-0.125000| 35| 1| 3| 5| 1
0.703125|-0.546875|-0.343750|0.375000|-0.468750|-0.250000| 35| 1| 3| 5| 1
1.421875|0.218750|-0.640625|-0.546875|0.375000|-0.468750| 36| 1| 3| 6| 1
-1.140625|0.453125|0.046875|0.218750|-0.546875|0.375000| 36| 1| 3| 6| 1
1.718750|-0.375000|0.125000|0.453125|0.218750|-0.546875| 36| 1| 3| 6| 1
-0.546875|0.562500|0.296875|-0.375000|0.453125|0.218750| 36| 1| 3| 6| 1
-1.093750|-0.187500|0.640625|0.562500|-0.375000|0.453125| 36| 1| 3| 6| 1
1.828125|-0.359375|0.00|-0.187500|0.562500|-0.375000| 36| 1| 3| 6| 1
-0.328125|0.593750|0.015625|-0.359375|-0.187500|0.562500| 36| 1| 3| 6| 1
-0.656250|-0.109375|0.046875|0.593750|-0.359375|-0.187500| 36| 1| 3| 6| 1
-1.296875|-0.218750|0.125000|-0.109375|0.593750|-0.359375| 36| 1| 3| 6| 1
1.406250|-0.437500|0.265625|-0.218750|-0.109375|0.593750| 36| 1| 3| 6| 1
-1.171875|0.453125|-0.765625|-0.437500|-0.218750|-0.109375| 37| 1| 3| 7| 1
1.656250|-0.390625|-0.203125|0.453125|-0.437500|-0.218750| 37| 1| 3| 7| 1
-0.671875|0.531250|-0.375000|-0.390625|0.453125|-0.437500| 37| 1| 3| 7| 1
-1.328125|-0.234375|0.593750|0.531250|-0.390625|0.453125| 37| 1| 3| 7| 1
1.343750|-0.437500|-0.093750|-0.234375|0.531250|-0.390625| 37| 1| 3| 7| 1
-1.312500|0.437500|-0.140625|-0.437500|-0.234375|0.531250| 37| 1| 3| 7| 1
1.375000|-0.437500|-0.234375|0.437500|-0.437500|-0.234375| 37| 1| 3| 7| 1
-1.234375|0.437500|-0.437500|-0.437500|0.437500|-0.437500| 37| 1| 3| 7| 1
1.531250|-0.406250|0.437500|0.437500|-0.437500|0.437500| 37| 1| 3| 7| 1
-0.937500|0.500000|-0.406250|-0.406250|0.437500|-0.437500| 37| 1| 3| 7| 1
-1.875000|-0.312500|0.531250|0.500000|-0.406250|0.437500| 38| 1| 3| 8| 1
0.265625|-0.625000|-0.218750|-0.312500|0.500000|-0.406250| 38| 1| 3| 8| 1
0.531250|0.078125|-0.437500|-0.625000|-0.312500|0.500000| 38| 1| 3| 8| 1
1.062500|0.171875|-0.859375|0.078125|-0.625000|-0.312500| 38| 1| 3| 8| 1
-1.859375|0.343750|-0.375000|0.171875|0.078125|-0.625000| 38| 1| 3| 8| 1
0.296875|-0.625000|0.593750|0.343750|0.171875|0.078125| 38| 1| 3| 8| 1
0.593750|0.093750|-0.109375|-0.625000|0.343750|0.171875| 38| 1| 3| 8| 1
1.187500|0.187500|-0.187500|0.093750|-0.625000|0.343750| 38| 1| 3| 8| 1
-1.625000|0.375000|-0.343750|0.187500|0.093750|-0.625000| 38| 1| 3| 8| 1
0.750000|-0.546875|0.656250|0.375000|0.187500|0.093750| 38| 1| 3| 8| 1
1.515625|0.234375|0.015625|-0.546875|0.375000|0.187500| 39| 1| 3| 9| 1
-0.968750|0.484375|0.062500|0.234375|-0.546875|0.375000| 39| 1| 3| 9| 1
-1.937500|-0.328125|0.171875|0.484375|0.234375|-0.546875| 39| 1| 3| 9| 1
0.125000|-0.640625|0.390625|-0.328125|0.484375|0.234375| 39| 1| 3| 9| 1
0.250000|0.031250|-0.484375|-0.640625|-0.328125|0.484375| 39| 1| 3| 9| 1
0.500000|0.078125|-0.937500|0.031250|-0.640625|-0.328125| 39| 1| 3| 9| 1
1.00|0.156250|-0.531250|0.078125|0.031250|-0.640625| 39| 1| 3| 9| 1
-1.984375|0.328125|0.265625|0.156250|0.078125|0.031250| 39| 1| 3| 9| 1
0.031250|-0.656250|0.562500|0.328125|0.156250|0.078125| 39| 1| 3| 9| 1
0.078125|0.00|-0.171875|-0.656250|0.328125|0.156250| 39| 1| 3| 9| 1
0.171875|0.015625|-0.328125|0.00|-0.656250|0.328125| 40| 1| 4| 0| 1
0.343750|0.046875|-0.640625|0.015625|0.00|-0.656250| 40| 1| 4| 0| 1
0.687500|0.109375|0.062500|0.046875|0.015625|0.00| 40| 1| 4| 0| 1
1.390625|0.218750|0.171875|0.109375|0.046875|0.015625| 40| 1| 4| 0| 1
-1.203125|0.453125|0.375000|0.218750|0.109375|0.046875| 40| 1| 4| 0| 1
1.593750|-0.406250|0.781250|0.453125|0.218750|0.109375| 40| 1| 4| 0| 1
-0.812500|0.515625|0.265625|-0.406250|0.453125|0.218750| 40| 1| 4| 0| 1
-1.609375|-0.281250|0.562500|0.515625|-0.406250|0.453125| 40| 1| 4| 0| 1
0.781250|-0.531250|-0.171875|-0.281250|0.515625|-0.406250| 40| 1| 4| 0| 1
1.578125|0.250000|-0.296875|-0.531250|-0.281250|0.515625| 40| 1| 4| 0| 1
-0.843750|0.515625|-0.562500|0.250000|-0.531250|-0.281250| 41| 1| 4| 1| 1
-1.671875|-0.281250|0.234375|0.515625|0.250000|-0.531250| 41| 1| 4| 1| 1
0.671875|-0.562500|0.484375|-0.281250|0.515625|0.250000| 41| 1| 4| 1| 1
1.359375|0.218750|-0.328125|-0.562500|-0.281250|0.515625| 41| 1| 4| 1| 1
-1.281250|0.437500|-0.625000|0.218750|-0.562500|-0.281250| 41| 1| 4| 1| 1
1.437500|-0.421875|0.093750|0.437500|0.218750|-0.562500| 41| 1| 4| 1| 1
-1.109375|0.468750|0.234375|-0.421875|0.437500|0.218750| 41| 1| 4| 1| 1
1.796875|-0.375000|0.484375|0.468750|-0.421875|0.437500| 41| 1| 4| 1| 1
-0.390625|0.578125|-0.328125|-0.375000|0.468750|-0.421875| 41| 1| 4| 1| 1
-0.765625|-0.140625|0.671875|0.578125|-0.375000|0.468750| 41| 1| 4| 1| 1
-1.515625|-0.265625|0.062500|-0.140625|0.578125|-0.375000| 42| 1| 4| 2| 1
0.968750|-0.500000|0.171875|-0.265625|-0.140625|0.578125| 42| 1| 4| 2| 1
1.937500|0.312500|-0.906250|-0.500000|-0.265625|-0.140625| 42| 1| 4| 2| 1
-0.125000|0.625000|-0.453125|0.312500|-0.500000|-0.265625| 42| 1| 4| 2| 1
-0.234375|-0.046875|0.437500|0.625000|0.312500|-0.500000| 42| 1| 4| 2| 1
-0.468750|-0.078125|0.890625|-0.046875|0.625000|0.312500| 42| 1| 4| 2| 1
-0.921875|-0.156250|0.500000|-0.078125|-0.046875|0.625000| 42| 1| 4| 2| 1
-1.843750|-0.312500|-0.281250|-0.156250|-0.078125|-0.046875| 42| 1| 4| 2| 1
0.328125|-0.609375|-0.546875|-0.312500|-0.156250|-0.078125| 42| 1| 4| 2| 1
0.656250|0.093750|-1.078125|-0.609375|-0.312500|-0.156250| 42| 1| 4| 2| 1
1.328125|0.203125|-0.828125|0.093750|-0.609375|-0.312500| 43| 1| 4| 3| 1
-1.343750|0.421875|-0.312500|0.203125|0.093750|-0.609375| 43| 1| 4| 3| 1
1.312500|-0.453125|0.718750|0.421875|0.203125|0.093750| 43| 1| 4| 3| 1
-1.375000|0.421875|0.171875|-0.453125|0.421875|0.203125| 43| 1| 4| 3| 1
1.250000|-0.453125|0.390625|0.421875|-0.453125|0.421875| 43| 1| 4| 3| 1
-1.500000|0.406250|-0.484375|-0.453125|0.421875|-0.453125| 43| 1| 4| 3| 1
1.015625|-0.500000|0.375000|0.406250|-0.453125|0.421875| 43| 1| 4| 3| 1
-1.953125|0.328125|-0.546875|-0.500000|0.406250|-0.453125| 43| 1| 4| 3| 1
0.093750|-0.656250|0.234375|0.328125|-0.500000|0.406250| 43| 1| 4| 3| 1
0.203125|0.015625|-0.828125|-0.656250|0.328125|-0.500000| 43| 1| 4| 3| 1
0.406250|0.062500|-0.312500|0.015625|-0.656250|0.328125| 44| 1| 4| 4| 1
0.828125|0.125000|-0.578125|0.062500|0.015625|-0.656250| 44| 1| 4| 4| 1
1.671875|0.265625|0.203125|0.125000|0.062500|0.015625| 44| 1| 4| 4| 1
-0.640625|0.546875|0.453125|0.265625|0.125000|0.062500| 44| 1| 4| 4| 1
-1.265625|-0.218750|0.937500|0.546875|0.265625|0.125000| 44| 1| 4| 4| 1
1.468750|-0.421875|0.593750|-0.218750|0.546875|0.265625| 44| 1| 4| 4| 1
-1.046875|0.468750|-0.093750|-0.421875|-0.218750|0.546875| 44| 1| 4| 4| 1
1.921875|-0.343750|-0.171875|0.468750|-0.421875|-0.218750| 44| 1| 4| 4| 1
-0.156250|0.625000|-0.296875|-0.343750|0.468750|-0.421875| 44| 1| 4| 4| 1
-0.312500|-0.062500|0.750000|0.625000|-0.343750|0.468750| 44| 1| 4| 4| 1
-0.625000|-0.109375|0.218750|-0.062500|0.625000|-0.343750| 45| 1| 4| 5| 1
-1.250000|-0.218750|0.453125|-0.109375|-0.062500|0.625000| 45| 1| 4| 5| 1
1.500000|-0.421875|-0.390625|-0.218750|-0.109375|-0.062500| 45| 1| 4| 5| 1
-1.00|0.484375|-0.750000|-0.421875|-0.218750|-0.109375| 45| 1| 4| 5| 1
-2.00|-0.328125|-0.156250|0.484375|-0.421875|-0.218750| 45| 1| 4| 5| 1
0.00|-0.656250|-0.265625|-0.328125|0.484375|-0.421875| 45| 1| 4| 5| 1
0.015625|0.00|-0.500000|-0.656250|-0.328125|0.484375| 45| 1| 4| 5| 1
0.046875|0.00|-0.984375|0.00|-0.656250|-0.328125| 45| 1| 4| 5| 1
0.109375|0.00|-0.656250|0.00|0.00|-0.656250| 45| 1| 4| 5| 1
0.234375|0.031250|0.00|0.00|0.00|0.00| 45| 1| 4| 5| 1
0.468750|0.062500|0.031250|0.031250|0.00|0.00| 46| 1| 4| 6| 1
0.953125|0.140625|0.093750|0.062500|0.031250|0.00| 46| 1| 4| 6| 1
1.906250|0.312500|0.234375|0.140625|0.062500|0.031250| 46| 1| 4| 6| 1
-0.187500|0.625000|0.515625|0.312500|0.140625|0.062500| 46| 1| 4| 6| 1
-0.375000|-0.062500|1.078125|0.625000|0.312500|0.140625| 46| 1| 4| 6| 1
-0.750000|-0.125000|0.875000|-0.062500|0.625000|0.312500| 46| 1| 4| 6| 1
-1.484375|-0.250000|0.437500|-0.125000|-0.062500|0.625000| 46| 1| 4| 6| 1
1.046875|-0.500000|-0.437500|-0.250000|-0.125000|-0.062500| 46| 1| 4| 6| 1
-1.890625|0.328125|-0.875000|-0.500000|-0.250000|-0.125000| 46| 1| 4| 6| 1
0.218750|-0.625000|-0.421875|0.328125|-0.500000|-0.250000| 46| 1| 4| 6| 1
0.437500|0.062500|-0.796875|-0.625000|0.328125|-0.500000| 47| 1| 4| 7| 1
0.890625|0.140625|-0.234375|0.062500|-0.625000|0.328125| 47| 1| 4| 7| 1
1.781250|0.281250|-0.421875|0.140625|0.062500|-0.625000| 47| 1| 4| 7| 1
-0.421875|0.578125|0.484375|0.281250|0.140625|0.062500| 47| 1| 4| 7| 1
-0.828125|-0.140625|1.00|0.578125|0.281250|0.140625| 47| 1| 4| 7| 1
-1.640625|-0.281250|0.718750|-0.140625|0.578125|0.281250| 47| 1| 4| 7| 1
0.734375|-0.546875|0.156250|-0.281250|-0.140625|0.578125| 47| 1| 4| 7| 1
1.484375|0.234375|-0.968750|-0.546875|-0.281250|-0.140625| 47| 1| 4| 7| 1
-1.015625|0.484375|-0.593750|0.234375|-0.546875|-0.281250| 47| 1| 4| 7| 1
1.984375|-0.343750|0.171875|0.484375|0.234375|-0.546875| 47| 1| 4| 7| 1
-0.031250|0.640625|0.375000|-0.343750|0.484375|0.234375| 48| 1| 4| 8| 1
-0.046875|-0.015625|0.781250|0.640625|-0.343750|0.484375| 48| 1| 4| 8| 1
-0.078125|-0.015625|0.281250|-0.015625|0.640625|-0.343750| 48| 1| 4| 8| 1
-0.140625|-0.031250|0.609375|-0.015625|-0.015625|0.640625| 48| 1| 4| 8| 1
-0.281250|-0.046875|-0.062500|-0.031250|-0.015625|-0.015625| 48| 1| 4| 8| 1
-0.562500|-0.093750|-0.093750|-0.046875|-0.031250|-0.015625| 48| 1| 4| 8| 1
-1.125000|-0.187500|-0.171875|-0.093750|-0.046875|-0.031250| 48| 1| 4| 8| 1
1.765625|-0.375000|-0.328125|-0.187500|-0.093750|-0.046875| 48| 1| 4| 8| 1
-0.453125|0.578125|-0.656250|-0.375000|-0.187500|-0.093750| 48| 1| 4| 8| 1
-0.890625|-0.156250|0.015625|0.578125|-0.375000|-0.187500| 48| 1| 4| 8| 1
-1.781250|-0.296875|0.046875|-0.156250|0.578125|-0.375000| 49| 1| 4| 9| 1
0.453125|-0.593750|0.125000|-0.296875|-0.156250|0.578125| 49| 1| 4| 9| 1
0.921875|0.140625|-1.046875|-0.593750|-0.296875|-0.156250| 49| 1| 4| 9| 1
1.843750|0.296875|-0.750000|0.140625|-0.593750|-0.296875| 49| 1| 4| 9| 1
-0.296875|0.593750|-0.156250|0.296875|0.140625|-0.593750| 49| 1| 4| 9| 1
-0.593750|-0.109375|1.031250|0.593750|0.296875|0.140625| 49| 1| 4| 9| 1
-1.187500|-0.203125|0.781250|-0.109375|0.593750|0.296875| 49| 1| 4| 9| 1
1.625000|-0.390625|0.281250|-0.203125|-0.109375|0.593750| 49| 1| 4| 9| 1
-0.734375|0.531250|-0.703125|-0.390625|-0.203125|-0.109375| 49| 1| 4| 9| 1
-1.453125|-0.250000|-0.062500|0.531250|-0.390625|-0.203125| 49| 1| 4| 9| 1
1.109375|-0.484375|-0.109375|-0.250000|0.531250|-0.390625| 50| 1| 5| 0| 1
-1.765625|0.359375|-0.203125|-0.484375|-0.250000|0.531250| 50| 1| 5| 0| 1
0.484375|-0.593750|-0.375000|0.359375|-0.484375|-0.250000| 50| 1| 5| 0| 1
0.984375|0.156250|-0.718750|-0.593750|0.359375|-0.484375| 50| 1| 5| 0| 1
1.968750|0.312500|-0.078125|0.156250|-0.593750|0.359375| 50| 1| 5| 0| 1
-0.062500|0.640625|-0.125000|0.312500|0.156250|-0.593750| 50| 1| 5| 0| 1
-0.109375|-0.031250|1.109375|0.640625|0.312500|0.156250| 50| 1| 5| 0| 1
-0.203125|-0.046875|0.921875|-0.031250|0.640625|0.312500| 50| 1| 5| 0| 1
-0.406250|-0.078125|0.562500|-0.046875|-0.031250|0.640625| 50| 1| 5| 0| 1
-0.796875|-0.140625|-0.156250|-0.078125|-0.046875|-0.031250| 50| 1| 5| 0| 1
-1.578125|-0.265625|-0.265625|-0.140625|-0.078125|-0.046875| 51| 1| 5| 1| 1
0.843750|-0.531250|-0.484375|-0.265625|-0.140625|-0.078125| 51| 1| 5| 1| 1
1.703125|0.265625|-0.937500|-0.531250|-0.265625|-0.140625| 51| 1| 5| 1| 1
-0.578125|0.546875|-0.531250|0.265625|-0.531250|-0.265625| 51| 1| 5| 1| 1
-1.156250|-0.203125|0.281250|0.546875|0.265625|-0.531250| 51| 1| 5| 1| 1
1.687500|-0.390625|0.609375|-0.203125|0.546875|0.265625| 51| 1| 5| 1| 1
-0.609375|0.546875|-0.046875|-0.390625|-0.203125|0.546875| 51| 1| 5| 1| 1
-1.218750|-0.203125|-0.046875|0.546875|-0.390625|-0.203125| 51| 1| 5| 1| 1
1.562500|-0.406250|-0.046875|-0.203125|0.546875|-0.390625| 51| 1| 5| 1| 1
-0.875000|0.500000|-0.062500|-0.406250|-0.203125|0.546875| 51| 1| 5| 1| 1
-1.734375|-0.296875|-0.109375|0.500000|-0.406250|-0.203125| 52| 1| 5| 2| 1
0.546875|-0.578125|-0.203125|-0.296875|0.500000|-0.406250| 52| 1| 5| 2| 1
1.093750|0.171875|-0.375000|-0.578125|-0.296875|0.500000| 52| 1| 5| 2| 1
-1.796875|0.343750|-0.703125|0.171875|-0.578125|-0.296875| 52| 1| 5| 2| 1
0.421875|-0.593750|-0.062500|0.343750|0.171875|-0.578125| 52| 1| 5| 2| 1
0.859375|0.125000|-0.078125|-0.593750|0.343750|0.171875| 52| 1| 5| 2| 1
1.734375|0.281250|-0.125000|0.125000|-0.593750|0.343750| 52| 1| 5| 2| 1
-0.515625|0.562500|-0.187500|0.281250|0.125000|-0.593750| 52| 1| 5| 2| 1
-1.031250|-0.171875|0.968750|0.562500|0.281250|0.125000| 52| 1| 5| 2| 1
1.953125|-0.343750|0.671875|-0.171875|0.562500|0.281250| 52| 1| 5| 2| 1
-0.093750|0.640625|0.046875|-0.343750|-0.171875|0.562500| 53| 1| 5| 3| 1
-0.171875|-0.031250|0.125000|0.640625|-0.343750|-0.171875| 53| 1| 5| 3| 1
-0.343750|-0.062500|0.265625|-0.031250|0.640625|-0.343750| 53| 1| 5| 3| 1
-0.687500|-0.125000|0.546875|-0.062500|-0.031250|0.640625| 53| 1| 5| 3| 1
-1.359375|-0.234375|-0.218750|-0.125000|-0.062500|-0.031250| 53| 1| 5| 3| 1
1.281250|-0.453125|-0.421875|-0.234375|-0.125000|-0.062500| 53| 1| 5| 3| 1
-1.437500|0.406250|-0.812500|-0.453125|-0.234375|-0.125000| 53| 1| 5| 3| 1
1.140625|-0.484375|-0.281250|0.406250|-0.453125|-0.234375| 53| 1| 5| 3| 1
-1.718750|0.359375|-0.531250|-0.484375|0.406250|-0.453125| 53| 1| 5| 3| 1
0.578125|-0.578125|0.281250|0.359375|-0.484375|0.406250| 53| 1| 5| 3| 1
1.156250|0.187500|-0.703125|-0.578125|0.359375|-0.484375| 54| 1| 5| 4| 1
-1.687500|0.375000|-0.031250|0.187500|-0.578125|0.359375| 54| 1| 5| 4| 1
0.640625|-0.562500|-0.015625|0.375000|0.187500|-0.578125| 54| 1| 5| 4| 1
1.296875|0.203125|0.00|-0.562500|0.375000|0.187500| 54| 1| 5| 4| 1
-1.406250|0.421875|0.015625|0.203125|-0.562500|0.375000| 54| 1| 5| 4| 1
1.203125|-0.468750|0.062500|0.421875|0.203125|-0.562500| 54| 1| 5| 4| 1
-1.593750|0.390625|0.156250|-0.468750|0.421875|0.203125| 54| 1| 5| 4| 1
0.812500|-0.531250|0.343750|0.390625|-0.468750|0.421875| 54| 1| 5| 4| 1
1.640625|0.265625|-0.609375|-0.531250|0.390625|-0.468750| 54| 1| 5| 4| 1
-0.703125|0.531250|0.125000|0.265625|-0.531250|0.390625| 54| 1| 5| 4| 1
-1.390625|-0.234375|0.265625|0.531250|0.265625|-0.531250| 55| 1| 5| 5| 1
1.234375|-0.468750|0.562500|-0.234375|0.531250|0.265625| 55| 1| 5| 5| 1
-1.531250|0.390625|-0.171875|-0.468750|-0.234375|0.531250| 55| 1| 5| 5| 1
0.937500|-0.515625|-0.312500|0.390625|-0.468750|-0.234375| 55| 1| 5| 5| 1
1.875000|0.296875|-0.593750|-0.515625|0.390625|-0.468750| 55| 1| 5| 5| 1
-0.250000|0.609375|0.171875|0.296875|-0.515625|0.390625| 55| 1| 5| 5| 1
-0.500000|-0.093750|0.390625|0.609375|0.296875|-0.515625| 55| 1| 5| 5| 1
-0.984375|-0.171875|0.812500|-0.093750|0.609375|0.296875| 55| 1| 5| 5| 1
-1.968750|-0.328125|0.343750|-0.171875|-0.093750|0.609375| 55| 1| 5| 5| 1
0.062500|-0.656250|-0.593750|-0.328125|-0.171875|-0.093750| 55| 1| 5| 5| 1
0.140625|0.015625|-1.156250|-0.656250|-0.328125|-0.171875| 56| 1| 5| 6| 1
0.281250|0.031250|-0.968750|0.015625|-0.656250|-0.328125| 56| 1| 5| 6| 1
0.562500|0.078125|-0.609375|0.031250|0.015625|-0.656250| 56| 1| 5| 6| 1
1.125000|0.171875|0.125000|0.078125|0.031250|0.015625| 56| 1| 5| 6| 1
-1.750000|0.359375|0.281250|0.171875|0.078125|0.031250| 56| 1| 5| 6| 1
0.515625|-0.578125|0.609375|0.359375|0.171875|0.078125| 56| 1| 5| 6| 1
1.031250|0.156250|-0.046875|-0.578125|0.359375|0.171875| 56| 1| 5| 6| 1
-1.921875|0.328125|-0.062500|0.156250|-0.578125|0.359375| 56| 1| 5| 6| 1
0.156250|-0.640625|-0.093750|0.328125|0.156250|-0.578125| 56| 1| 5| 6| 1
0.312500|0.046875|-0.156250|-0.640625|0.328125|0.156250| 56| 1| 5| 6| 1
0.625000|0.093750|-0.265625|0.046875|-0.640625|0.328125| 57| 1| 5| 7| 1
1.265625|0.203125|-0.500000|0.093750|0.046875|-0.640625| 57| 1| 5| 7| 1
-1.468750|0.406250|0.343750|0.203125|0.093750|0.046875| 57| 1| 5| 7| 1
1.078125|-0.484375|0.703125|0.406250|0.203125|0.093750| 57| 1| 5| 7| 1
-1.828125|0.343750|0.125000|-0.484375|0.406250|0.203125| 57| 1| 5| 7| 1
0.359375|-0.609375|0.265625|0.343750|-0.484375|0.406250| 57| 1| 5| 7| 1
0.718750|0.109375|-0.750000|-0.609375|0.343750|-0.484375| 57| 1| 5| 7| 1
1.453125|0.234375|-0.156250|0.109375|-0.609375|0.343750| 57| 1| 5| 7| 1
-1.078125|0.468750|-0.265625|0.234375|0.109375|-0.609375| 57| 1| 5| 7| 1
1.859375|-0.359375|0.812500|0.468750|0.234375|0.109375| 57| 1| 5| 7| 1
-0.265625|0.609375|0.343750|-0.359375|0.468750|0.234375| 58| 1| 5| 8| 1
-0.531250|-0.093750|0.718750|0.609375|-0.359375|0.468750| 58| 1| 5| 8| 1
-1.062500|-0.187500|0.156250|-0.093750|0.609375|-0.359375| 58| 1| 5| 8| 1
1.890625|-0.359375|0.328125|-0.187500|-0.093750|0.609375| 58| 1| 5| 8| 1
-0.218750|0.609375|-0.640625|-0.359375|-0.187500|-0.093750| 58| 1| 5| 8| 1
-0.437500|-0.078125|0.062500|0.609375|-0.359375|-0.187500| 58| 1| 5| 8| 1
-0.859375|-0.156250|0.171875|-0.078125|0.609375|-0.359375| 58| 1| 5| 8| 1
-1.703125|-0.296875|0.375000|-0.156250|-0.078125|0.609375| 58| 1| 5| 8| 1
0.609375|-0.562500|-0.531250|-0.296875|-0.156250|-0.078125| 58| 1| 5| 8| 1
1.218750|0.187500|-1.015625|-0.562500|-0.296875|-0.156250| 58| 1| 5| 8| 1
-1.562500|0.390625|-0.671875|0.187500|-0.562500|-0.296875| 59| 1| 5| 9| 1
0.875000|-0.515625|0.015625|0.390625|0.187500|-0.562500| 59| 1| 5| 9| 1
1.750000|0.281250|0.062500|-0.515625|0.390625|0.187500| 59| 1| 5| 9| 1
-0.484375|0.562500|0.156250|0.281250|-0.515625|0.390625| 59| 1| 5| 9| 1
-0.953125|-0.171875|0.328125|0.562500|0.281250|-0.515625| 59| 1| 5| 9| 1
-1.906250|-0.328125|0.671875|-0.171875|0.562500|0.281250| 59| 1| 5| 9| 1
0.187500|-0.640625|0.062500|-0.328125|-0.171875|0.562500| 59| 1| 5| 9| 1
0.375000|0.046875|-1.140625|-0.640625|-0.328125|-0.171875| 59| 1| 5| 9| 1
0.765625|0.109375|-0.921875|0.046875|-0.640625|-0.328125| 59| 1| 5| 9| 1
1.546875|0.250000|-0.484375|0.109375|0.046875|-0.640625| 59| 1| 5| 9| 1
-0.906250|0.500000|0.406250|0.250000|0.109375|0.046875| 60| 1| 6| 0| 1
-1.812500|-0.312500|0.859375|0.500000|0.250000|0.109375| 60| 1| 6| 0| 1
0.390625|-0.609375|0.437500|-0.312500|0.500000|0.250000| 60| 1| 6| 0| 1
0.796875|0.125000|-0.421875|-0.609375|-0.312500|0.500000| 60| 1| 6| 0| 1
1.609375|0.250000|-0.796875|0.125000|-0.609375|-0.312500| 60| 1| 6| 0| 1
-0.781250|0.515625|-0.234375|0.250000|0.125000|-0.609375| 60| 1| 6| 0| 1
-1.546875|-0.265625|0.890625|0.515625|0.250000|0.125000| 60| 1| 6| 0| 1
0.906250|-0.515625|0.500000|-0.265625|0.515625|0.250000| 60| 1| 6| 0| 1
1.812500|0.296875|-0.265625|-0.515625|-0.265625|0.515625| 60| 1| 6| 0| 1
-0.359375|0.593750|-0.484375|0.296875|-0.515625|-0.265625| 60| 1| 6| 0| 1
-0.718750|-0.125000|0.375000|0.593750|0.296875|-0.515625| 61| 1| 6| 1| 1
-1.421875|-0.250000|0.765625|-0.125000|0.593750|0.296875| 61| 1| 6| 1| 1
1.171875|-0.468750|0.218750|-0.250000|-0.125000|0.593750| 61| 1| 6| 1| 1
-1.656250|0.375000|-0.843750|-0.468750|-0.250000|-0.125000| 61| 1| 6| 1| 1
0.703125|-0.546875|-0.343750|0.375000|-0.468750|-0.250000| 61| 1| 6| 1| 1
1.421875|0.218750|-0.640625|-0.546875|0.375000|-0.468750| 61| 1| 6| 1| 1
-1.140625|0.453125|0.046875|0.218750|-0.546875|0.375000| 61| 1| 6| 1| 1
1.718750|-0.375000|0.125000|0.453125|0.218750|-0.546875| 61| 1| 6| 1| 1
-0.546875|0.562500|0.296875|-0.375000|0.453125|0.218750| 61| 1| 6| 1| 1
-1.093750|-0.187500|0.640625|0.562500|-0.375000|0.453125| 61| 1| 6| 1| 1
1.828125|-0.359375|0.00|-0.187500|0.562500|-0.375000| 62| 1| 6| 2| 1
-0.328125|0.593750|0.015625|-0.359375|-0.187500|0.562500| 62| 1| 6| 2| 1
-0.656250|-0.109375|0.046875|0.593750|-0.359375|-0.187500| 62| 1| 6| 2| 1
-1.296875|-0.218750|0.125000|-0.109375|0.593750|-0.359375| 62| 1| 6| 2| 1
1.406250|-0.437500|0.265625|-0.218750|-0.109375|0.593750| 62| 1| 6| 2| 1
-1.171875|0.453125|-0.765625|-0.437500|-0.218750|-0.109375| 62| 1| 6| 2| 1
1.656250|-0.390625|-0.203125|0.453125|-0.437500|-0.218750| 62| 1| 6| 2| 1
-0.671875|0.531250|-0.375000|-0.390625|0.453125|-0.437500| 62| 1| 6| 2| 1
-1.328125|-0.234375|0.593750|0.531250|-0.390625|0.453125| 62| 1| 6| 2| 1
1.343750|-0.437500|-0.093750|-0.234375|0.531250|-0.390625| 62| 1| 6| 2| 1
-1.312500|0.437500|-0.140625|-0.437500|-0.234375|0.531250| 63| 1| 6| 3| 1
1.375000|-0.437500|-0.234375|0.437500|-0.437500|-0.234375| 63| 1| 6| 3| 1
-1.234375|0.437500|-0.437500|-0.437500|0.437500|-0.437500| 63| 1| 6| 3| 1
1.531250|-0.406250|0.437500|0.437500|-0.437500|0.437500| 63| 1| 6| 3| 1
-0.937500|0.500000|-0.406250|-0.406250|0.437500|-0.437500| 63| 1| 6| 3| 1
-1.875000|-0.312500|0.531250|0.500000|-0.406250|0.437500| 63| 1| 6| 3| 1
0.265625|-0.625000|-0.218750|-0.312500|0.500000|-0.406250| 63| 1| 6| 3| 1
0.531250|0.078125|-0.437500|-0.625000|-0.312500|0.500000| 63| 1| 6| 3| 1
1.062500|0.171875|-0.859375|0.078125|-0.625000|-0.312500| 63| 1| 6| 3| 1
-1.859375|0.343750|-0.375000|0.171875|0.078125|-0.625000| 63| 1| 6| 3| 1
0.296875|-0.625000|0.593750|0.343750|0.171875|0.078125| 64| 1| 6| 4| 1
0.593750|0.093750|-0.109375|-0.625000|0.343750|0.171875| 64| 1| 6| 4| 1
1.187500|0.187500|-0.187500|0.093750|-0.625000|0.343750| 64| 1| 6| 4| 1
-1.625000|0.375000|-0.343750|0.187500|0.093750|-0.625000| 64| 1| 6| 4| 1
0.750000|-0.546875|0.656250|0.375000|0.187500|0.093750| 64| 1| 6| 4| 1
1.515625|0.234375|0.015625|-0.546875|0.375000|0.187500| 64| 1| 6| 4| 1
-0.968750|0.484375|0.062500|0.234375|-0.546875|0.375000| 64| 1| 6| 4| 1
-1.937500|-0.328125|0.171875|0.484375|0.234375|-0.546875| 64| 1| 6| 4| 1
0.125000|-0.640625|0.390625|-0.328125|0.484375|0.234375| 64| 1| 6| 4| 1
0.250000|0.031250|-0.484375|-0.640625|-0.328125|0.484375| 64| 1| 6| 4| 1
0.500000|0.078125|-0.937500|0.031250|-0.640625|-0.328125| 65| 1| 6| 5| 1
1.00|0.156250|-0.531250|0.078125|0.031250|-0.640625| 65| 1| 6| 5| 1
-1.984375|0.328125|0.265625|0.156250|0.078125|0.031250| 65| 1| 6| 5| 1
0.031250|-0.656250|0.562500|0.328125|0.156250|0.078125| 65| 1| 6| 5| 1
0.078125|0.00|-0.171875|-0.656250|0.328125|0.156250| 65| 1| 6| 5| 1
0.171875|0.015625|-0.328125|0.00|-0.656250|0.328125| 65| 1| 6| 5| 1
0.343750|0.046875|-0.640625|0.015625|0.00|-0.656250| 65| 1| 6| 5| 1
0.687500|0.109375|0.062500|0.046875|0.015625|0.00| 65| 1| 6| 5| 1
1.390625|0.218750|0.171875|0.109375|0.046875|0.015625| 65| 1| 6| 5| 1
-1.203125|0.453125|0.375000|0.218750|0.109375|0.046875| 65| 1| 6| 5| 1
1.593750|-0.406250|0.781250|0.453125|0.218750|0.109375| 66| 1| 6| 6| 1
-0.812500|0.515625|0.265625|-0.406250|0.453125|0.218750| 66| 1| 6| 6| 1
-1.609375|-0.281250|0.562500|0.515625|-0.406250|0.453125| 66| 1| 6| 6| 1
0.781250|-0.531250|-0.171875|-0.281250|0.515625|-0.406250| 66| 1| 6| 6| 1
1.578125|0.250000|-0.296875|-0.531250|-0.281250|0.515625| 66| 1| 6| 6| 1
-0.843750|0.515625|-0.562500|0.250000|-0.531250|-0.281250| 66| 1| 6| 6| 1
-1.671875|-0.281250|0.234375|0.515625|0.250000|-0.531250| 66| 1| 6| 6| 1
0.671875|-0.562500|0.484375|-0.281250|0.515625|0.250000| 66| 1| 6| 6| 1
1.359375|0.218750|-0.328125|-0.562500|-0.281250|0.515625| 66| 1| 6| 6| 1
-1.281250|0.437500|-0.625000|0.218750|-0.562500|-0.281250| 66| 1| 6| 6| 1
1.437500|-0.421875|0.093750|0.437500|0.218750|-0.562500| 67| 1| 6| 7| 1
-1.109375|0.468750|0.234375|-0.421875|0.437500|0.218750| 67| 1| 6| 7| 1
1.796875|-0.375000|0.484375|0.468750|-0.421875|0.437500| 67| 1| 6| 7| 1
-0.390625|0.578125|-0.328125|-0.375000|0.468750|-0.421875| 67| 1| 6| 7| 1
-0.765625|-0.140625|0.671875|0.578125|-0.375000|0.468750| 67| 1| 6| 7| 1
-1.515625|-0.265625|0.062500|-0.140625|0.578125|-0.375000| 67| 1| 6| 7| 1
0.968750|-0.500000|0.171875|-0.265625|-0.140625|0.578125| 67| 1| 6| 7| 1
1.937500|0.312500|-0.906250|-0.500000|-0.265625|-0.140625| 67| 1| 6| 7| 1
-0.125000|0.625000|-0.453125|0.312500|-0.500000|-0.265625| 67| 1| 6| 7| 1
-0.234375|-0.046875|0.437500|0.625000|0.312500|-0.500000| 67| 1| 6| 7| 1
-0.468750|-0.078125|0.890625|-0.046875|0.625000|0.312500| 68| 1| 6| 8| 1
-0.921875|-0.156250|0.500000|-0.078125|-0.046875|0.625000| 68| 1| 6| 8| 1
-1.843750|-0.312500|-0.281250|-0.156250|-0.078125|-0.046875| 68| 1| 6| 8| 1
0.328125|-0.609375|-0.546875|-0.312500|-0.156250|-0.078125| 68| 1| 6| 8| 1
0.656250|0.093750|-1.078125|-0.609375|-0.312500|-0.156250| 68| 1| 6| 8| 1
1.328125|0.203125|-0.828125|0.093750|-0.609375|-0.312500| 68| 1| 6| 8| 1
-1.343750|0.421875|-0.312500|0.203125|0.093750|-0.609375| 68| 1| 6| 8| 1
1.312500|-0.453125|0.718750|0.421875|0.203125|0.093750| 68| 1| 6| 8| 1
-1.375000|0.421875|0.171875|-0.453125|0.421875|0.203125| 68| 1| 6| 8| 1
1.250000|-0.453125|0.390625|0.421875|-0.453125|0.421875| 68| 1| 6| 8| 1
-1.500000|0.406250|-0.484375|-0.453125|0.421875|-0.453125| 69| 1| 6| 9| 1
1.015625|-0.500000|0.375000|0.406250|-0.453125|0.421875| 69| 1| 6| 9| 1
-1.953125|0.328125|-0.546875|-0.500000|0.406250|-0.453125| 69| 1| 6| 9| 1
0.093750|-0.656250|0.234375|0.328125|-0.500000|0.406250| 69| 1| 6| 9| 1
0.203125|0.015625|-0.828125|-0.656250|0.328125|-0.500000| 69| 1| 6| 9| 1
0.406250|0.062500|-0.312500|0.015625|-0.656250|0.328125| 69| 1| 6| 9| 1
0.828125|0.125000|-0.578125|0.062500|0.015625|-0.656250| 69| 1| 6| 9| 1
1.671875|0.265625|0.203125|0.125000|0.062500|0.015625| 69| 1| 6| 9| 1
-0.640625|0.546875|0.453125|0.265625|0.125000|0.062500| 69| 1| 6| 9| 1
-1.265625|-0.218750|0.937500|0.546875|0.265625|0.125000| 69| 1| 6| 9| 1
1.468750|-0.421875|0.593750|-0.218750|0.546875|0.265625| 70| 1| 7| 0| 1
-1.046875|0.468750|-0.093750|-0.421875|-0.218750|0.546875| 70| 1| 7| 0| 1
1.921875|-0.343750|-0.171875|0.468750|-0.421875|-0.218750| 70| 1| 7| 0| 1
-0.156250|0.625000|-0.296875|-0.343750|0.468750|-0.421875| 70| 1| 7| 0| 1
-0.312500|-0.062500|0.750000|0.625000|-0.343750|0.468750| 70| 1| 7| 0| 1
-0.625000|-0.109375|0.218750|-0.062500|0.625000|-0.343750| 70| 1| 7| 0| 1
-1.250000|-0.218750|0.453125|-0.109375|-0.062500|0.625000| 70| 1| 7| 0| 1
1.500000|-0.421875|-0.390625|-0.218750|-0.109375|-0.062500| 70| 1| 7| 0| 1
-1.00|0.484375|-0.750000|-0.421875|-0.218750|-0.109375| 70| 1| 7| 0| 1
-2.00|-0.328125|-0.156250|0.484375|-0.421875|-0.218750| 70| 1| 7| 0| 1
0.00|-0.656250|-0.265625|-0.328125|0.484375|-0.421875| 71| 1| 7| 1| 1
0.015625|0.00|-0.500000|-0.656250|-0.328125|0.484375| 71| 1| 7| 1| 1
0.046875|0.00|-0.984375|0.00|-0.656250|-0.328125| 71| 1| 7| 1| 1
0.109375|0.00|-0.656250|0.00|0.00|-0.656250| 71| 1| 7| 1| 1
0.234375|0.031250|0.00|0.00|0.00|0.00| 71| 1| 7| 1| 1
0.468750|0.062500|0.031250|0.031250|0.00|0.00| 71| 1| 7| 1| 1
0.953125|0.140625|0.093750|0.062500|0.031250|0.00| 71| 1| 7| 1| 1
1.906250|0.312500|0.234375|0.140625|0.062500|0.031250| 71| 1| 7| 1| 1
-0.187500|0.625000|0.515625|0.312500|0.140625|0.062500| 71| 1| 7| 1| 1
-0.375000|-0.062500|1.078125|0.625000|0.312500|0.140625| 71| 1| 7| 1| 1
-0.750000|-0.125000|0.875000|-0.062500|0.625000|0.312500| 72| 1| 7| 2| 1
-1.484375|-0.250000|0.437500|-0.125000|-0.062500|0.625000| 72| 1| 7| 2| 1
1.046875|-0.500000|-0.437500|-0.250000|-0.125000|-0.062500| 72| 1| 7| 2| 1
-1.890625|0.328125|-0.875000|-0.500000|-0.250000|-0.125000| 72| 1| 7| 2| 1
0.218750|-0.625000|-0.421875|0.328125|-0.500000|-0.250000| 72| 1| 7| 2| 1
0.437500|0.062500|-0.796875|-0.625000|0.328125|-0.500000| 72| 1| 7| 2| 1
0.890625|0.140625|-0.234375|0.062500|-0.625000|0.328125| 72| 1| 7| 2| 1
1.781250|0.281250|-0.421875|0.140625|0.062500|-0.625000| 72| 1| 7| 2| 1
-0.421875|0.578125|0.484375|0.281250|0.140625|0.062500| 72| 1| 7| 2| 1
-0.828125|-0.140625|1.00|0.578125|0.281250|0.140625| 72| 1| 7| 2| 1
-1.640625|-0.281250|0.718750|-0.140625|0.578125|0.281250| 73| 1| 7| 3| 1
0.734375|-0.546875|0.156250|-0.281250|-0.140625|0.578125| 73| 1| 7| 3| 1
1.484375|0.234375|-0.968750|-0.546875|-0.281250|-0.140625| 73| 1| 7| 3| 1
-1.015625|0.484375|-0.593750|0.234375|-0.546875|-0.281250| 73| 1| 7| 3| 1
1.984375|-0.343750|0.171875|0.484375|0.234375|-0.546875| 73| 1| 7| 3| 1
-0.031250|0.640625|0.375000|-0.343750|0.484375|0.234375| 73| 1| 7| 3| 1
-0.046875|-0.015625|0.781250|0.640625|-0.343750|0.484375| 73| 1| 7| 3| 1
-0.078125|-0.015625|0.281250|-0.015625|0.640625|-0.343750| 73| 1| 7| 3| 1
-0.140625|-0.031250|0.609375|-0.015625|-0.015625|0.640625| 73| 1| 7| 3| 1
-0.281250|-0.046875|-0.062500|-0.031250|-0.015625|-0.015625| 73| 1| 7| 3| 1
-0.562500|-0.093750|-0.093750|-0.046875|-0.031250|-0.015625| 74| 1| 7| 4| 1
-1.125000|-0.187500|-0.171875|-0.093750|-0.046875|-0.031250| 74| 1| 7| 4| 1
1.765625|-0.375000|-0.328125|-0.187500|-0.093750|-0.046875| 74| 1| 7| 4| 1
-0.453125|0.578125|-0.656250|-0.375000|-0.187500|-0.093750| 74| 1| 7| 4| 1
-0.890625|-0.156250|0.015625|0.578125|-0.375000|-0.187500| 74| 1| 7| 4| 1
-1.781250|-0.296875|0.046875|-0.156250|0.578125|-0.375000| 74| 1| 7| 4| 1
0.453125|-0.593750|0.125000|-0.296875|-0.156250|0.578125| 74| 1| 7| 4| 1
0.921875|0.140625|-1.046875|-0.593750|-0.296875|-0.156250| 74| 1| 7| 4| 1
1.843750|0.296875|-0.750000|0.140625|-0.593750|-0.296875| 74| 1| 7| 4| 1
-0.296875|0.593750|-0.156250|0.296875|0.140625|-0.593750| 74| 1| 7| 4| 1
-0.593750|-0.109375|1.031250|0.593750|0.296875|0.140625| 75| 1| 7| 5| 1
-1.187500|-0.203125|0.781250|-0.109375|0.593750|0.296875| 75| 1| 7| 5| 1
1.625000|-0.390625|0.281250|-0.203125|-0.109375|0.593750| 75| 1| 7| 5| 1
-0.734375|0.531250|-0.703125|-0.390625|-0.203125|-0.109375| 75| 1| 7| 5| 1
-1.453125|-0.250000|-0.062500|0.531250|-0.390625|-0.203125| 75| 1| 7| 5| 1
1.109375|-0.484375|-0.109375|-0.250000|0.531250|-0.390625| 75| 1| 7| 5| 1
-1.765625|0.359375|-0.203125|-0.484375|-0.250000|0.531250| 75| 1| 7| 5| 1
0.484375|-0.593750|-0.375000|0.359375|-0.484375|-0.250000| 75| 1| 7| 5| 1
0.984375|0.156250|-0.718750|-0.593750|0.359375|-0.484375| 75| 1| 7| 5| 1
1.968750|0.312500|-0.078125|0.156250|-0.593750|0.359375| 75| 1| 7| 5| 1
-0.062500|0.640625|-0.125000|0.312500|0.156250|-0.593750| 76| 1| 7| 6| 1
-0.109375|-0.031250|1.109375|0.640625|0.312500|0.156250| 76| 1| 7| 6| 1
-0.203125|-0.046875|0.921875|-0.031250|0.640625|0.312500| 76| 1| 7| 6| 1
-0.406250|-0.078125|0.562500|-0.046875|-0.031250|0.640625| 76| 1| 7| 6| 1
-0.796875|-0.140625|-0.156250|-0.078125|-0.046875|-0.031250| 76| 1| 7| 6| 1
-1.578125|-0.265625|-0.265625|-0.140625|-0.078125|-0.046875| 76| 1| 7| 6| 1
0.843750|-0.531250|-0.484375|-0.265625|-0.140625|-0.078125| 76| 1| 7| 6| 1
1.703125|0.265625|-0.937500|-0.531250|-0.265625|-0.140625| 76| 1| 7| 6| 1
-0.578125|0.546875|-0.531250|0.265625|-0.531250|-0.265625| 76| 1| 7| 6| 1
-1.156250|-0.203125|0.281250|0.546875|0.265625|-0.531250| 76| 1| 7| 6| 1
1.687500|-0.390625|0.609375|-0.203125|0.546875|0.265625| 77| 1| 7| 7| 1
-0.609375|0.546875|-0.046875|-0.390625|-0.203125|0.546875| 77| 1| 7| 7| 1
-1.218750|-0.203125|-0.046875|0.546875|-0.390625|-0.203125| 77| 1| 7| 7| 1
1.562500|-0.406250|-0.046875|-0.203125|0.546875|-0.390625| 77| 1| 7| 7| 1
-0.875000|0.500000|-0.062500|-0.406250|-0.203125|0.546875| 77| 1| 7| 7| 1
-1.734375|-0.296875|-0.109375|0.500000|-0.406250|-0.203125| 77| 1| 7| 7| 1
0.546875|-0.578125|-0.203125|-0.296875|0.500000|-0.406250| 77| 1| 7| 7| 1
1.093750|0.171875|-0.375000|-0.578125|-0.296875|0.500000| 77| 1| 7| 7| 1
-1.796875|0.343750|-0.703125|0.171875|-0.578125|-0.296875| 77| 1| 7| 7| 1
0.421875|-0.593750|-0.062500|0.343750|0.171875|-0.578125| 77| 1| 7| 7| 1
0.859375|0.125000|-0.078125|-0.593750|0.343750|0.171875| 78| 1| 7| 8| 1
1.734375|0.281250|-0.125000|0.125000|-0.593750|0.343750| 78| 1| 7| 8| 1
-0.515625|0.562500|-0.187500|0.281250|0.125000|-0.593750| 78| 1| 7| 8| 1
-1.031250|-0.171875|0.968750|0.562500|0.281250|0.125000| 78| 1| 7| 8| 1
1.953125|-0.343750|0.671875|-0.171875|0.562500|0.281250| 78| 1| 7| 8| 1
-0.093750|0.640625|0.046875|-0.343750|-0.171875|0.562500| 78| 1| 7| 8| 1
-0.171875|-0.031250|0.125000|0.640625|-0.343750|-0.171875| 78| 1| 7| 8| 1
-0.343750|-0.062500|0.265625|-0.031250|0.640625|-0.343750| 78| 1| 7| 8| 1
-0.687500|-0.125000|0.546875|-0.062500|-0.031250|0.640625| 78| 1| 7| 8| 1
-1.359375|-0.234375|-0.218750|-0.125000|-0.062500|-0.031250| 78| 1| 7| 8| 1
1.281250|-0.453125|-0.421875|-0.234375|-0.125000|-0.062500| 79| 1| 7| 9| 1
-1.437500|0.406250|-0.812500|-0.453125|-0.234375|-0.125000| 79| 1| 7| 9| 1
1.140625|-0.484375|-0.281250|0.406250|-0.453125|-0.234375| 79| 1| 7| 9| 1
-1.718750|0.359375|-0.531250|-0.484375|0.406250|-0.453125| 79| 1| 7| 9| 1
0.578125|-0.578125|0.281250|0.359375|-0.484375|0.406250| 79| 1| 7| 9| 1
1.156250|0.187500|-0.703125|-0.578125|0.359375|-0.484375| 79| 1| 7| 9| 1
-1.687500|0.375000|-0.031250|0.187500|-0.578125|0.359375| 79| 1| 7| 9| 1
0.640625|-0.562500|-0.015625|0.375000|0.187500|-0.578125| 79| 1| 7| 9| 1
1.296875|0.203125|0.00|-0.562500|0.375000|0.187500| 79| 1| 7| 9| 1
-1.406250|0.421875|0.015625|0.203125|-0.562500|0.375000| 79| 1| 7| 9| 1
1.203125|-0.468750|0.062500|0.421875|0.203125|-0.562500| 80| 1| 8| 0| 1
-1.593750|0.390625|0.156250|-0.468750|0.421875|0.203125| 80| 1| 8| 0| 1
0.812500|-0.531250|0.343750|0.390625|-0.468750|0.421875| 80| 1| 8| 0| 1
1.640625|0.265625|-0.609375|-0.531250|0.390625|-0.468750| 80| 1| 8| 0| 1
-0.703125|0.531250|0.125000|0.265625|-0.531250|0.390625| 80| 1| 8| 0| 1
-1.390625|-0.234375|0.265625|0.531250|0.265625|-0.531250| 80| 1| 8| 0| 1
1.234375|-0.468750|0.562500|-0.234375|0.531250|0.265625| 80| 1| 8| 0| 1
-1.531250|0.390625|-0.171875|-0.468750|-0.234375|0.531250| 80| 1| 8| 0| 1
0.937500|-0.515625|-0.312500|0.390625|-0.468750|-0.234375| 80| 1| 8| 0| 1
1.875000|0.296875|-0.593750|-0.515625|0.390625|-0.468750| 80| 1| 8| 0| 1
-0.250000|0.609375|0.171875|0.296875|-0.515625|0.390625| 81| 1| 8| 1| 1
-0.500000|-0.093750|0.390625|0.609375|0.296875|-0.515625| 81| 1| 8| 1| 1
-0.984375|-0.171875|0.812500|-0.093750|0.609375|0.296875| 81| 1| 8| 1| 1
-1.968750|-0.328125|0.343750|-0.171875|-0.093750|0.609375| 81| 1| 8| 1| 1
0.062500|-0.656250|-0.593750|-0.328125|-0.171875|-0.093750| 81| 1| 8| 1| 1
0.140625|0.015625|-1.156250|-0.656250|-0.328125|-0.171875| 81| 1| 8| 1| 1
0.281250|0.031250|-0.968750|0.015625|-0.656250|-0.328125| 81| 1| 8| 1| 1
0.562500|0.078125|-0.609375|0.031250|0.015625|-0.656250| 81| 1| 8| 1| 1
1.125000|0.171875|0.125000|0.078125|0.031250|0.015625| 81| 1| 8| 1| 1
-1.750000|0.359375|0.281250|0.171875|0.078125|0.031250| 81| 1| 8| 1| 1
0.515625|-0.578125|0.609375|0.359375|0.171875|0.078125| 82| 1| 8| 2| 1
1.031250|0.156250|-0.046875|-0.578125|0.359375|0.171875| 82| 1| 8| 2| 1
-1.921875|0.328125|-0.062500|0.156250|-0.578125|0.359375| 82| 1| 8| 2| 1
0.156250|-0.640625|-0.093750|0.328125|0.156250|-0.578125| 82| 1| 8| 2| 1
0.312500|0.046875|-0.156250|-0.640625|0.328125|0.156250| 82| 1| 8| 2| 1
0.625000|0.093750|-0.265625|0.046875|-0.640625|0.328125| 82| 1| 8| 2| 1
1.265625|0.203125|-0.500000|0.093750|0.046875|-0.640625| 82| 1| 8| 2| 1
-1.468750|0.406250|0.343750|0.203125|0.093750|0.046875| 82| 1| 8| 2| 1
1.078125|-0.484375|0.703125|0.406250|0.203125|0.093750| 82| 1| 8| 2| 1
-1.828125|0.343750|0.125000|-0.484375|0.406250|0.203125| 82| 1| 8| 2| 1
0.359375|-0.609375|0.265625|0.343750|-0.484375|0.406250| 83| 1| 8| 3| 1
0.718750|0.109375|-0.750000|-0.609375|0.343750|-0.484375| 83| 1| 8| 3| 1
1.453125|0.234375|-0.156250|0.109375|-0.609375|0.343750| 83| 1| 8| 3| 1
-1.078125|0.468750|-0.265625|0.234375|0.109375|-0.609375| 83| 1| 8| 3| 1
1.859375|-0.359375|0.812500|0.468750|0.234375|0.109375| 83| 1| 8| 3| 1
-0.265625|0.609375|0.343750|-0.359375|0.468750|0.234375| 83| 1| 8| 3| 1
-0.531250|-0.093750|0.718750|0.609375|-0.359375|0.468750| 83| 1| 8| 3| 1
-1.062500|-0.187500|0.156250|-0.093750|0.609375|-0.359375| 83| 1| 8| 3| 1
1.890625|-0.359375|0.328125|-0.187500|-0.093750|0.609375| 83| 1| 8| 3| 1
-0.218750|0.609375|-0.640625|-0.359375|-0.187500|-0.093750| 83| 1| 8| 3| 1
-0.437500|-0.078125|0.062500|0.609375|-0.359375|-0.187500| 84| 1| 8| 4| 1
-0.859375|-0.156250|0.171875|-0.078125|0.609375|-0.359375| 84| 1| 8| 4| 1
-1.703125|-0.296875|0.375000|-0.156250|-0.078125|0.609375| 84| 1| 8| 4| 1
0.609375|-0.562500|-0.531250|-0.296875|-0.156250|-0.078125| 84| 1| 8| 4| 1
1.218750|0.187500|-1.015625|-0.562500|-0.296875|-0.156250| 84| 1| 8| 4| 1
-1.562500|0.390625|-0.671875|0.187500|-0.562500|-0.296875| 84| 1| 8| 4| 1
0.875000|-0.515625|0.015625|0.390625|0.187500|-0.562500| 84| 1| 8| 4| 1
1.750000|0.281250|0.062500|-0.515625|0.390625|0.187500| 84| 1| 8| 4| 1
-0.484375|0.562500|0.156250|0.281250|-0.515625|0.390625| 84| 1| 8| 4| 1
-0.953125|-0.171875|0.328125|0.562500|0.281250|-0.515625| 84| 1| 8| 4| 1
-1.906250|-0.328125|0.671875|-0.171875|0.562500|0.281250| 85| 1| 8| 5| 1
0.187500|-0.640625|0.062500|-0.328125|-0.171875|0.562500| 85| 1| 8| 5| 1
0.375000|0.046875|-1.140625|-0.640625|-0.328125|-0.171875| 85| 1| 8| 5| 1
0.765625|0.109375|-0.921875|0.046875|-0.640625|-0.328125| 85| 1| 8| 5| 1
1.546875|0.250000|-0.484375|0.109375|0.046875|-0.640625| 85| 1| 8| 5| 1
-0.906250|0.500000|0.406250|0.250000|0.109375|0.046875| 85| 1| 8| 5| 1
-1.812500|-0.312500|0.859375|0.500000|0.250000|0.109375| 85| 1| 8| 5| 1
0.390625|-0.609375|0.437500|-0.312500|0.500000|0.250000| 85| 1| 8| 5| 1
0.796875|0.125000|-0.421875|-0.609375|-0.312500|0.500000| 85| 1| 8| 5| 1
1.609375|0.250000|-0.796875|0.125000|-0.609375|-0.312500| 85| 1| 8| 5| 1
-0.781250|0.515625|-0.234375|0.250000|0.125000|-0.609375| 86| 1| 8| 6| 1
-1.546875|-0.265625|0.890625|0.515625|0.250000|0.125000| 86| 1| 8| 6| 1
0.906250|-0.515625|0.500000|-0.265625|0.515625|0.250000| 86| 1| 8| 6| 1
1.812500|0.296875|-0.265625|-0.515625|-0.265625|0.515625| 86| 1| 8| 6| 1
-0.359375|0.593750|-0.484375|0.296875|-0.515625|-0.265625| 86| 1| 8| 6| 1
-0.718750|-0.125000|0.375000|0.593750|0.296875|-0.515625| 86| 1| 8| 6| 1
-1.421875|-0.250000|0.765625|-0.125000|0.593750|0.296875| 86| 1| 8| 6| 1
1.171875|-0.468750|0.218750|-0.250000|-0.125000|0.593750| 86| 1| 8| 6| 1
-1.656250|0.375000|-0.843750|-0.468750|-0.250000|-0.125000| 86| 1| 8| 6| 1
0.703125|-0.546875|-0.343750|0.375000|-0.468750|-0.250000| 86| 1| 8| 6| 1
1.421875|0.218750|-0.640625|-0.546875|0.375000|-0.468750| 87| 1| 8| 7| 1
-1.140625|0.453125|0.046875|0.218750|-0.546875|0.375000| 87| 1| 8| 7| 1
1.718750|-0.375000|0.125000|0.453125|0.218750|-0.546875| 87| 1| 8| 7| 1
-0.546875|0.562500|0.296875|-0.375000|0.453125|0.218750| 87| 1| 8| 7| 1
-1.093750|-0.187500|0.640625|0.562500|-0.375000|0.453125| 87| 1| 8| 7| 1
1.828125|-0.359375|0.00|-0.187500|0.562500|-0.375000| 87| 1| 8| 7| 1
-0.328125|0.593750|0.015625|-0.359375|-0.187500|0.562500| 87| 1| 8| 7| 1
-0.656250|-0.109375|0.046875|0.593750|-0.359375|-0.187500| 87| 1| 8| 7| 1
-1.296875|-0.218750|0.125000|-0.109375|0.593750|-0.359375| 87| 1| 8| 7| 1
1.406250|-0.437500|0.265625|-0.218750|-0.109375|0.593750| 87| 1| 8| 7| 1
-1.171875|0.453125|-0.765625|-0.437500|-0.218750|-0.109375| 88| 1| 8| 8| 1
1.656250|-0.390625|-0.203125|0.453125|-0.437500|-0.218750| 88| 1| 8| 8| 1
-0.671875|0.531250|-0.375000|-0.390625|0.453125|-0.437500| 88| 1| 8| 8| 1
-1.328125|-0.234375|0.593750|0.531250|-0.390625|0.453125| 88| 1| 8| 8| 1
1.343750|-0.437500|-0.093750|-0.234375|0.531250|-0.390625| 88| 1| 8| 8| 1
-1.312500|0.437500|-0.140625|-0.437500|-0.234375|0.531250| 88| 1| 8| 8| 1
1.375000|-0.437500|-0.234375|0.437500|-0.437500|-0.234375| 88| 1| 8| 8| 1
-1.234375|0.437500|-0.437500|-0.437500|0.437500|-0.437500| 88| 1| 8| 8| 1
1.531250|-0.406250|0.437500|0.437500|-0.437500|0.437500| 88| 1| 8| 8| 1
-0.937500|0.500000|-0.406250|-0.406250|0.437500|-0.437500| 88| 1| 8| 8| 1
-1.875000|-0.312500|0.531250|0.500000|-0.406250|0.437500| 89| 1| 8| 9| 1
0.265625|-0.625000|-0.218750|-0.312500|0.500000|-0.406250| 89| 1| 8| 9| 1
0.531250|0.078125|-0.437500|-0.625000|-0.312500|0.500000| 89| 1| 8| 9| 1
1.062500|0.171875|-0.859375|0.078125|-0.625000|-0.312500| 89| 1| 8| 9| 1
-1.859375|0.343750|-0.375000|0.171875|0.078125|-0.625000| 89| 1| 8| 9| 1
0.296875|-0.625000|0.593750|0.343750|0.171875|0.078125| 89| 1| 8| 9| 1
0.593750|0.093750|-0.109375|-0.625000|0.343750|0.171875| 89| 1| 8| 9| 1
1.187500|0.187500|-0.187500|0.093750|-0.625000|0.343750| 89| 1| 8| 9| 1
-1.625000|0.375000|-0.343750|0.187500|0.093750|-0.625000| 89| 1| 8| 9| 1
0.750000|-0.546875|0.656250|0.375000|0.187500|0.093750| 89| 1| 8| 9| 1
1.515625|0.234375|0.015625|-0.546875|0.375000|0.187500| 90| 1| 9| 0| 1
-0.968750|0.484375|0.062500|0.234375|-0.546875|0.375000| 90| 1| 9| 0| 1
-1.937500|-0.328125|0.171875|0.484375|0.234375|-0.546875| 90| 1| 9| 0| 1
0.125000|-0.640625|0.390625|-0.328125|0.484375|0.234375| 90| 1| 9| 0| 1
0.250000|0.031250|-0.484375|-0.640625|-0.328125|0.484375| 90| 1| 9| 0| 1
0.500000|0.078125|-0.937500|0.031250|-0.640625|-0.328125| 90| 1| 9| 0| 1
1.00|0.156250|-0.531250|0.078125|0.031250|-0.640625| 90| 1| 9| 0| 1
-1.984375|0.328125|0.265625|0.156250|0.078125|0.031250| 90| 1| 9| 0| 1
0.031250|-0.656250|0.562500|0.328125|0.156250|0.078125| 90| 1| 9| 0| 1
0.078125|0.00|-0.171875|-0.656250|0.328125|0.156250| 90| 1| 9| 0| 1
0.171875|0.015625|-0.328125|0.00|-0.656250|0.328125| 91| 1| 9| 1| 1
0.343750|0.046875|-0.640625|0.015625|0.00|-0.656250| 91| 1| 9| 1| 1
0.687500|0.109375|0.062500|0.046875|0.015625|0.00| 91| 1| 9| 1| 1
1.390625|0.218750|0.171875|0.109375|0.046875|0.015625| 91| 1| 9| 1| 1
-1.203125|0.453125|0.375000|0.218750|0.109375|0.046875| 91| 1| 9| 1| 1
1.593750|-0.406250|0.781250|0.453125|0.218750|0.109375| 91| 1| 9| 1| 1
-0.812500|0.515625|0.265625|-0.406250|0.453125|0.218750| 91| 1| 9| 1| 1
-1.609375|-0.281250|0.562500|0.515625|-0.406250|0.453125| 91| 1| 9| 1| 1
0.781250|-0.531250|-0.171875|-0.281250|0.515625|-0.406250| 91| 1| 9| 1| 1
1.578125|0.250000|-0.296875|-0.531250|-0.281250|0.515625| 91| 1| 9| 1| 1
-0.843750|0.515625|-0.562500|0.250000|-0.531250|-0.281250| 92| 1| 9| 2| 1
-1.671875|-0.281250|0.234375|0.515625|0.250000|-0.531250| 92| 1| 9| 2| 1
0.671875|-0.562500|0.484375|-0.281250|0.515625|0.250000| 92| 1| 9| 2| 1
1.359375|0.218750|-0.328125|-0.562500|-0.281250|0.515625| 92| 1| 9| 2| 1
-1.281250|0.437500|-0.625000|0.218750|-0.562500|-0.281250| 92| 1| 9| 2| 1
1.437500|-0.421875|0.093750|0.437500|0.218750|-0.562500| 92| 1| 9| 2| 1
-1.109375|0.468750|0.234375|-0.421875|0.437500|0.218750| 92| 1| 9| 2| 1
1.796875|-0.375000|0.484375|0.468750|-0.421875|0.437500| 92| 1| 9| 2| 1
-0.390625|0.578125|-0.328125|-0.375000|0.468750|-0.421875| 92| 1| 9| 2| 1
-0.765625|-0.140625|0.671875|0.578125|-0.375000|0.468750| 92| 1| 9| 2| 1
-1.515625|-0.265625|0.062500|-0.140625|0.578125|-0.375000| 93| 1| 9| 3| 1
0.968750|-0.500000|0.171875|-0.265625|-0.140625|0.578125| 93| 1| 9| 3| 1
1.937500|0.312500|-0.906250|-0.500000|-0.265625|-0.140625| 93| 1| 9| 3| 1
-0.125000|0.625000|-0.453125|0.312500|-0.500000|-0.265625| 93| 1| 9| 3| 1
-0.234375|-0.046875|0.437500|0.625000|0.312500|-0.500000| 93| 1| 9| 3| 1
-0.468750|-0.078125|0.890625|-0.046875|0.625000|0.312500| 93| 1| 9| 3| 1
-0.921875|-0.156250|0.500000|-0.078125|-0.046875|0.625000| 93| 1| 9| 3| 1
-1.843750|-0.312500|-0.281250|-0.156250|-0.078125|-0.046875| 93| 1| 9| 3| 1
0.328125|-0.609375|-0.546875|-0.312500|-0.156250|-0.078125| 93| 1| 9| 3| 1
0.656250|0.093750|-1.078125|-0.609375|-0.312500|-0.156250| 93| 1| 9| 3| 1
1.328125|0.203125|-0.828125|0.093750|-0.609375|-0.312500| 94| 1| 9| 4| 1
-1.343750|0.421875|-0.312500|0.203125|0.093750|-0.609375| 94| 1| 9| 4| 1
1.312500|-0.453125|0.718750|0.421875|0.203125|0.093750| 94| 1| 9| 4| 1
-1.375000|0.421875|0.171875|-0.453125|0.421875|0.203125| 94| 1| 9| 4| 1
1.250000|-0.453125|0.390625|0.421875|-0.453125|0.421875| 94| 1| 9| 4| 1
-1.500000|0.406250|-0.484375|-0.453125|0.421875|-0.453125| 94| 1| 9| 4| 1
1.015625|-0.500000|0.375000|0.406250|-0.453125|0.421875| 94| 1| 9| 4| 1
-1.953125|0.328125|-0.546875|-0.500000|0.406250|-0.453125| 94| 1| 9| 4| 1
0.093750|-0.656250|0.234375|0.328125|-0.500000|0.406250| 94| 1| 9| 4| 1
0.203125|0.015625|-0.828125|-0.656250|0.328125|-0.500000| 94| 1| 9| 4| 1
0.406250|0.062500|-0.312500|0.015625|-0.656250|0.328125| 95| 1| 9| 5| 1
0.828125|0.125000|-0.578125|0.062500|0.015625|-0.656250| 95| 1| 9| 5| 1
1.671875|0.265625|0.203125|0.125000|0.062500|0.015625| 95| 1| 9| 5| 1
-0.640625|0.546875|0.453125|0.265625|0.125000|0.062500| 95| 1| 9| 5| 1
-1.265625|-0.218750|0.937500|0.546875|0.265625|0.125000| 95| 1| 9| 5| 1
1.468750|-0.421875|0.593750|-0.218750|0.546875|0.265625| 95| 1| 9| 5| 1
-1.046875|0.468750|-0.093750|-0.421875|-0.218750|0.546875| 95| 1| 9| 5| 1
1.921875|-0.343750|-0.171875|0.468750|-0.421875|-0.218750| 95| 1| 9| 5| 1
-0.156250|0.625000|-0.296875|-0.343750|0.468750|-0.421875| 95| 1| 9| 5| 1
-0.312500|-0.062500|0.750000|0.625000|-0.343750|0.468750| 95| 1| 9| 5| 1
-0.625000|-0.109375|0.218750|-0.062500|0.625000|-0.343750| 96| 1| 9| 6| 1
-1.250000|-0.218750|0.453125|-0.109375|-0.062500|0.625000| 96| 1| 9| 6| 1
1.500000|-0.421875|-0.390625|-0.218750|-0.109375|-0.062500| 96| 1| 9| 6| 1
-1.00|0.484375|-0.750000|-0.421875|-0.218750|-0.109375| 96| 1| 9| 6| 1
-2.00|-0.328125|-0.156250|0.484375|-0.421875|-0.218750| 96| 1| 9| 6| 1
0.00|-0.656250|-0.265625|-0.328125|0.484375|-0.421875| 96| 1| 9| 6| 1
0.015625|0.00|-0.500000|-0.656250|-0.328125|0.484375| 96| 1| 9| 6| 1
0.046875|0.00|-0.984375|0.00|-0.656250|-0.328125| 96| 1| 9| 6| 1
0.109375|0.00|-0.656250|0.00|0.00|-0.656250| 96| 1| 9| 6| 1
0.234375|0.031250|0.00|0.00|0.00|0.00| 96| 1| 9| 6| 1
0.468750|0.062500|0.031250|0.031250|0.00|0.00| 97| 1| 9| 7| 1
0.953125|0.140625|0.093750|0.062500|0.031250|0.00| 97| 1| 9| 7| 1
1.906250|0.312500|0.234375|0.140625|0.062500|0.031250| 97| 1| 9| 7| 1
-0.187500|0.625000|0.515625|0.312500|0.140625|0.062500| 97| 1| 9| 7| 1
-0.375000|-0.062500|1.078125|0.625000|0.312500|0.140625| 97| 1| 9| 7| 1
-0.750000|-0.125000|0.875000|-0.062500|0.625000|0.312500| 97| 1| 9| 7| 1
-1.484375|-0.250000|0.437500|-0.125000|-0.062500|0.625000| 97| 1| 9| 7| 1
1.046875|-0.500000|-0.437500|-0.250000|-0.125000|-0.062500| 97| 1| 9| 7| 1
-1.890625|0.328125|-0.875000|-0.500000|-0.250000|-0.125000| 97| 1| 9| 7| 1
0.218750|-0.625000|-0.421875|0.328125|-0.500000|-0.250000| 97| 1| 9| 7| 1
0.437500|0.062500|-0.796875|-0.625000|0.328125|-0.500000| 98| 1| 9| 8| 1
0.890625|0.140625|-0.234375|0.062500|-0.625000|0.328125| 98| 1| 9| 8| 1
1.781250|0.281250|-0.421875|0.140625|0.062500|-0.625000| 98| 1| 9| 8| 1
-0.421875|0.578125|0.484375|0.281250|0.140625|0.062500| 98| 1| 9| 8| 1
-0.828125|-0.140625|1.00|0.578125|0.281250|0.140625| 98| 1| 9| 8| 1
-1.640625|-0.281250|0.718750|-0.140625|0.578125|0.281250| 98| 1| 9| 8| 1
0.734375|-0.546875|0.156250|-0.281250|-0.140625|0.578125| 98| 1| 9| 8| 1
1.484375|0.234375|-0.968750|-0.546875|-0.281250|-0.140625| 98| 1| 9| 8| 1
-1.015625|0.484375|-0.593750|0.234375|-0.546875|-0.281250| 98| 1| 9| 8| 1
1.984375|-0.343750|0.171875|0.484375|0.234375|-0.546875| 98| 1| 9| 8| 1
-0.031250|0.640625|0.375000|-0.343750|0.484375|0.234375| 99| 1| 9| 9| 1
-0.046875|-0.015625|0.781250|0.640625|-0.343750|0.484375| 99| 1| 9| 9| 1
-0.078125|-0.015625|0.281250|-0.015625|0.640625|-0.343750| 99| 1| 9| 9| 1
-0.140625|-0.031250|0.609375|-0.015625|-0.015625|0.640625| 99| 1| 9| 9| 1
-0.281250|-0.046875|-0.062500|-0.031250|-0.015625|-0.015625| 99| 1| 9| 9| 1
-0.562500|-0.093750|-0.093750|-0.046875|-0.031250|-0.015625| 99| 1| 9| 9| 1
-1.125000|-0.187500|-0.171875|-0.093750|-0.046875|-0.031250| 99| 1| 9| 9| 1
1.765625|-0.375000|-0.328125|-0.187500|-0.093750|-0.046875| 99| 1| 9| 9| 1
-0.453125|0.578125|-0.656250|-0.375000|-0.187500|-0.093750| 99| 1| 9| 9| 1
-0.890625|-0.156250|0.015625|0.578125|-0.375000|-0.187500| 99| 1| 9| 9| 1
-1.781250|-0.296875|0.046875|-0.156250|0.578125|-0.375000| 10| 2| 1| 0| 2
